2024-04-18 14:04:06,058 [INFO] Activator:177 - 


2024-04-18 14:04:06,061 [INFO] Activator:178 - !SESSION log4j initialized
2024-04-18 14:04:14,118 [INFO] McuFinderGlobals:39 - Set McuFinder mode to 2 (CubeIDE integrated)
2024-04-18 14:04:14,406 [INFO] ApplicationProperties:181 - Using Application install path: C:\ST\STM32CubeIDE_1.7.0\STM32CubeIDE\plugins\com.st.stm32cube.common.mx_6.3.0.202107141111
2024-04-18 14:04:14,427 [INFO] DbMcusXml:74 - Set database path to: C:\ST\STM32CubeIDE_1.7.0\STM32CubeIDE\plugins\com.st.stm32cube.common.mx_6.3.0.202107141111\\db\/mcu/
2024-04-18 14:04:14,432 [INFO] DbBoardsPdsc:56 - Set plugin database path to: C:\ST\STM32CubeIDE_1.7.0\STM32CubeIDE\plugins\com.st.stm32cube.common.mx_6.3.0.202107141111\\db\/plugins/boardmanager/
2024-04-18 14:04:14,433 [INFO] DbMcus:258 - Set plugin images path to: C:\ST\STM32CubeIDE_1.7.0\STM32CubeIDE\plugins\com.st.stm32cube.common.mx_6.3.0.202107141111\\db\/plugins/mcufinder/images/
2024-04-18 14:04:14,433 [INFO] DbBoards:264 - Set plugin images path to: C:\ST\STM32CubeIDE_1.7.0\STM32CubeIDE\plugins\com.st.stm32cube.common.mx_6.3.0.202107141111\\db\/plugins/mcufinder/images/
2024-04-18 14:04:14,437 [INFO] DbExamples:333 - Set plugin images path to: C:\ST\STM32CubeIDE_1.7.0\STM32CubeIDE\plugins\com.st.stm32cube.common.mx_6.3.0.202107141111\\db\/plugins/mcufinder/images/
2024-04-18 14:04:14,445 [INFO] DbMcusAds:119 - Set database path to: C:\Users\GTI224\.stmcufinder\plugins\mcufinder//mcu/
2024-04-18 14:04:14,446 [INFO] DbMcusDocs:110 - Set database path to: C:\Users\GTI224\.stmcufinder\plugins\mcufinder//mcu/
2024-04-18 14:04:14,448 [INFO] DbMcusJson:64 - Set database path to: C:\Users\GTI224\.stmcufinder\plugins\mcufinder//mcu/
2024-04-18 14:04:14,450 [INFO] DbBoardsDocs:110 - Set database path to: C:\Users\GTI224\.stmcufinder\plugins\mcufinder//mcu/
2024-04-18 14:04:14,451 [INFO] DbBoardsJson:57 - Set database path to: C:\Users\GTI224\.stmcufinder\plugins\mcufinder//mcu/
2024-04-18 14:04:14,456 [INFO] CrossReferenceDbSqlite:196 - Set database path to: C:\Users\GTI224\.stmcufinder\plugins\mcufinder//mcu/cs/
2024-04-18 14:04:14,459 [INFO] DbExamplesSqlite:767 - Set database path to: C:\Users\GTI224\.stmcufinder\plugins\mcufinder//mcu/
2024-04-18 14:04:14,601 [INFO] RulesReader:57 - Compatibility file has been processed (242 Rules)
2024-04-18 14:04:14,722 [INFO] DbMcusXml:74 - Set database path to: C:\ST\STM32CubeIDE_1.7.0\STM32CubeIDE\plugins\com.st.stm32cube.common.mx_6.3.0.202107141111\\db\/mcu/
2024-04-18 14:04:14,723 [INFO] DbBoardsPdsc:56 - Set plugin database path to: C:\ST\STM32CubeIDE_1.7.0\STM32CubeIDE\plugins\com.st.stm32cube.common.mx_6.3.0.202107141111\\db\/plugins/boardmanager/
2024-04-18 14:04:14,723 [INFO] DbMcus:258 - Set plugin images path to: C:\ST\STM32CubeIDE_1.7.0\STM32CubeIDE\plugins\com.st.stm32cube.common.mx_6.3.0.202107141111\\db\/plugins/mcufinder/images/
2024-04-18 14:04:14,723 [INFO] DbBoards:264 - Set plugin images path to: C:\ST\STM32CubeIDE_1.7.0\STM32CubeIDE\plugins\com.st.stm32cube.common.mx_6.3.0.202107141111\\db\/plugins/mcufinder/images/
2024-04-18 14:04:14,723 [INFO] DbExamples:333 - Set plugin images path to: C:\ST\STM32CubeIDE_1.7.0\STM32CubeIDE\plugins\com.st.stm32cube.common.mx_6.3.0.202107141111\\db\/plugins/mcufinder/images/
2024-04-18 14:04:14,724 [WARN] DbFile:35 - Overriding database path with different value: C:\Users\GTI224\.stmcufinder\plugins\mcufinder/ => C:\Users\GTI224\.stmcufinder\plugins\mcufinder
2024-04-18 14:04:14,724 [INFO] DbMcusAds:119 - Set database path to: C:\Users\GTI224\.stmcufinder\plugins\mcufinder//mcu/
2024-04-18 14:04:14,724 [WARN] DbFile:35 - Overriding database path with different value: C:\Users\GTI224\.stmcufinder\plugins\mcufinder/ => C:\Users\GTI224\.stmcufinder\plugins\mcufinder
2024-04-18 14:04:14,724 [INFO] DbMcusDocs:110 - Set database path to: C:\Users\GTI224\.stmcufinder\plugins\mcufinder//mcu/
2024-04-18 14:04:14,725 [WARN] DbFile:35 - Overriding database path with different value: C:\Users\GTI224\.stmcufinder\plugins\mcufinder/ => C:\Users\GTI224\.stmcufinder\plugins\mcufinder
2024-04-18 14:04:14,725 [INFO] DbMcusJson:64 - Set database path to: C:\Users\GTI224\.stmcufinder\plugins\mcufinder//mcu/
2024-04-18 14:04:14,725 [WARN] DbFile:35 - Overriding database path with different value: C:\Users\GTI224\.stmcufinder\plugins\mcufinder/ => C:\Users\GTI224\.stmcufinder\plugins\mcufinder
2024-04-18 14:04:14,725 [INFO] DbBoardsDocs:110 - Set database path to: C:\Users\GTI224\.stmcufinder\plugins\mcufinder//mcu/
2024-04-18 14:04:14,725 [WARN] DbFile:35 - Overriding database path with different value: C:\Users\GTI224\.stmcufinder\plugins\mcufinder/ => C:\Users\GTI224\.stmcufinder\plugins\mcufinder
2024-04-18 14:04:14,725 [INFO] DbBoardsJson:57 - Set database path to: C:\Users\GTI224\.stmcufinder\plugins\mcufinder//mcu/
2024-04-18 14:04:14,725 [WARN] DbFile:35 - Overriding database path with different value: C:\Users\GTI224\.stmcufinder\plugins\mcufinder/ => C:\Users\GTI224\.stmcufinder\plugins\mcufinder
2024-04-18 14:04:14,727 [WARN] DbFile:35 - Overriding database path with different value: C:\Users\GTI224\.stmcufinder\plugins\mcufinder/ => C:\Users\GTI224\.stmcufinder\plugins\mcufinder
2024-04-18 14:04:14,727 [INFO] CrossReferenceDbSqlite:196 - Set database path to: C:\Users\GTI224\.stmcufinder\plugins\mcufinder//mcu/cs/
2024-04-18 14:04:14,727 [WARN] DbFile:35 - Overriding database path with different value: C:\Users\GTI224\.stmcufinder\plugins\mcufinder/ => C:\Users\GTI224\.stmcufinder\plugins\mcufinder
2024-04-18 14:04:14,727 [INFO] DbExamplesSqlite:767 - Set database path to: C:\Users\GTI224\.stmcufinder\plugins\mcufinder//mcu/
2024-04-18 14:04:14,804 [INFO] MainPanel:214 - HeapMemory: 392167424
2024-04-18 14:04:14,925 [INFO] DbMcusXml:74 - Set database path to: C:\ST\STM32CubeIDE_1.7.0\STM32CubeIDE\plugins\com.st.stm32cube.common.mx_6.3.0.202107141111\\db\/mcu/
2024-04-18 14:04:14,926 [INFO] DbBoardsPdsc:56 - Set plugin database path to: C:\ST\STM32CubeIDE_1.7.0\STM32CubeIDE\plugins\com.st.stm32cube.common.mx_6.3.0.202107141111\\db\/plugins/boardmanager/
2024-04-18 14:04:14,926 [INFO] DbMcus:258 - Set plugin images path to: C:\ST\STM32CubeIDE_1.7.0\STM32CubeIDE\plugins\com.st.stm32cube.common.mx_6.3.0.202107141111\\db\/plugins/mcufinder/images/
2024-04-18 14:04:14,926 [INFO] DbBoards:264 - Set plugin images path to: C:\ST\STM32CubeIDE_1.7.0\STM32CubeIDE\plugins\com.st.stm32cube.common.mx_6.3.0.202107141111\\db\/plugins/mcufinder/images/
2024-04-18 14:04:14,926 [INFO] DbExamples:333 - Set plugin images path to: C:\ST\STM32CubeIDE_1.7.0\STM32CubeIDE\plugins\com.st.stm32cube.common.mx_6.3.0.202107141111\\db\/plugins/mcufinder/images/
2024-04-18 14:04:14,927 [WARN] DbFile:35 - Overriding database path with different value: C:\Users\GTI224\.stmcufinder\plugins\mcufinder/ => C:\Users\GTI224\.stmcufinder\plugins\mcufinder
2024-04-18 14:04:14,927 [INFO] DbMcusAds:119 - Set database path to: C:\Users\GTI224\.stmcufinder\plugins\mcufinder//mcu/
2024-04-18 14:04:14,928 [WARN] DbFile:35 - Overriding database path with different value: C:\Users\GTI224\.stmcufinder\plugins\mcufinder/ => C:\Users\GTI224\.stmcufinder\plugins\mcufinder
2024-04-18 14:04:14,928 [INFO] DbMcusDocs:110 - Set database path to: C:\Users\GTI224\.stmcufinder\plugins\mcufinder//mcu/
2024-04-18 14:04:14,928 [WARN] DbFile:35 - Overriding database path with different value: C:\Users\GTI224\.stmcufinder\plugins\mcufinder/ => C:\Users\GTI224\.stmcufinder\plugins\mcufinder
2024-04-18 14:04:14,928 [INFO] DbMcusJson:64 - Set database path to: C:\Users\GTI224\.stmcufinder\plugins\mcufinder//mcu/
2024-04-18 14:04:14,929 [WARN] DbFile:35 - Overriding database path with different value: C:\Users\GTI224\.stmcufinder\plugins\mcufinder/ => C:\Users\GTI224\.stmcufinder\plugins\mcufinder
2024-04-18 14:04:14,929 [INFO] DbBoardsDocs:110 - Set database path to: C:\Users\GTI224\.stmcufinder\plugins\mcufinder//mcu/
2024-04-18 14:04:14,929 [WARN] DbFile:35 - Overriding database path with different value: C:\Users\GTI224\.stmcufinder\plugins\mcufinder/ => C:\Users\GTI224\.stmcufinder\plugins\mcufinder
2024-04-18 14:04:14,929 [INFO] DbBoardsJson:57 - Set database path to: C:\Users\GTI224\.stmcufinder\plugins\mcufinder//mcu/
2024-04-18 14:04:14,930 [WARN] DbFile:35 - Overriding database path with different value: C:\Users\GTI224\.stmcufinder\plugins\mcufinder/ => C:\Users\GTI224\.stmcufinder\plugins\mcufinder
2024-04-18 14:04:14,930 [WARN] DbFile:35 - Overriding database path with different value: C:\Users\GTI224\.stmcufinder\plugins\mcufinder/ => C:\Users\GTI224\.stmcufinder\plugins\mcufinder
2024-04-18 14:04:14,930 [INFO] CrossReferenceDbSqlite:196 - Set database path to: C:\Users\GTI224\.stmcufinder\plugins\mcufinder//mcu/cs/
2024-04-18 14:04:14,930 [WARN] DbFile:35 - Overriding database path with different value: C:\Users\GTI224\.stmcufinder\plugins\mcufinder/ => C:\Users\GTI224\.stmcufinder\plugins\mcufinder
2024-04-18 14:04:14,931 [INFO] DbExamplesSqlite:767 - Set database path to: C:\Users\GTI224\.stmcufinder\plugins\mcufinder//mcu/
2024-04-18 14:04:14,954 [INFO] ApplicationProperties:181 - Using Application install path: C:\ST\STM32CubeIDE_1.7.0\STM32CubeIDE\plugins\com.st.stm32cube.common.mx_6.3.0.202107141111
2024-04-18 14:04:14,955 [INFO] PluginManage:188 - Search for loadable plugins [exclusion list=, ]
2024-04-18 14:04:14,957 [INFO] PluginManage:302 - Check plugin analytics
2024-04-18 14:04:15,169 [INFO] AnalyticsPlugin:257 - Accepted Software Licenses: 
2024-04-18 14:04:15,170 [INFO] AnalyticsPlugin:259 - Accepted CMSIS Pack Licenses: 
2024-04-18 14:04:15,171 [INFO] AnalyticsPlugin:261 - Accepted Firmware Licenses: 
2024-04-18 14:04:15,172 [INFO] PluginManage:352 - Loaded plugin analytics (category:tool,tabindex:-1)
2024-04-18 14:04:15,172 [INFO] PluginManage:302 - Check plugin clock
2024-04-18 14:04:15,220 [INFO] PluginManage:352 - Loaded plugin clock (category:base,tabindex:2)
2024-04-18 14:04:15,220 [INFO] PluginManage:302 - Check plugin ddr
2024-04-18 14:04:15,226 [INFO] PluginManage:352 - Loaded plugin ddr (category:tool,tabindex:6)
2024-04-18 14:04:15,227 [INFO] PluginManage:302 - Check plugin filemanager
2024-04-18 14:04:15,507 [INFO] PluginManage:352 - Loaded plugin filemanager (category:base,tabindex:10)
2024-04-18 14:04:15,507 [INFO] PluginManage:302 - Check plugin ipmanager
2024-04-18 14:04:15,520 [INFO] PluginManage:352 - Loaded plugin ipmanager (category:base,tabindex:5)
2024-04-18 14:04:15,520 [INFO] PluginManage:302 - Check plugin pinoutandconfiguration
2024-04-18 14:04:15,556 [INFO] PluginManage:352 - Loaded plugin pinoutandconfiguration (category:base,tabindex:1)
2024-04-18 14:04:15,556 [INFO] PluginManage:302 - Check plugin pinoutconfig
2024-04-18 14:04:15,633 [INFO] PluginManage:352 - Loaded plugin pinoutconfig (category:base,tabindex:0)
2024-04-18 14:04:15,633 [INFO] PluginManage:302 - Check plugin power
2024-04-18 14:04:15,669 [INFO] PluginManage:352 - Loaded plugin power (category:power,tabindex:4)
2024-04-18 14:04:15,669 [INFO] PluginManage:302 - Check plugin projectmanager
2024-04-18 14:04:15,696 [INFO] PluginManage:352 - Loaded plugin projectmanager (category:projectmanager,tabindex:3)
2024-04-18 14:04:15,696 [INFO] PluginManage:302 - Check plugin thirdparty
2024-04-18 14:04:16,069 [WARN] IntegrityCheckThread:78 - waiting for thirdparty lock release [integrity check]
2024-04-18 14:04:16,071 [INFO] PluginManage:352 - Loaded plugin thirdparty (category:base,tabindex:-1)
2024-04-18 14:04:16,071 [INFO] IntegrityCheckThread:80 - entering critical section [integrity check]
2024-04-18 14:04:16,071 [INFO] PluginManage:302 - Check plugin tools
2024-04-18 14:04:16,071 [INFO] ThirdPartyUpdaterWithRetryManager:66 - Updater plugin not ready yet. [1/15]
2024-04-18 14:04:16,173 [INFO] PluginManage:352 - Loaded plugin tools (category:base,tabindex:7)
2024-04-18 14:04:16,173 [INFO] PluginManage:302 - Check plugin tutovideos
2024-04-18 14:04:16,673 [INFO] PluginManage:352 - Loaded plugin tutovideos (category:base,tabindex:-1)
2024-04-18 14:04:16,673 [INFO] PluginManage:302 - Check plugin updater
2024-04-18 14:04:16,701 [INFO] PluginManage:352 - Loaded plugin updater (category:base,tabindex:12)
2024-04-18 14:04:16,703 [INFO] PluginManage:275 - PluginManage : Loaded plugins [13]
2024-04-18 14:04:17,024 [INFO] PinOutPanel:1463 - setPackage(No Configuration,No Configuration)
2024-04-18 14:04:17,148 [INFO] IPUIPlugin:74 - create IPUIPlugin
2024-04-18 14:04:17,149 [INFO] PluginManager:213 - loadIPPluginJar : add adc
2024-04-18 14:04:17,215 [INFO] IPUIPlugin:74 - create IPUIPlugin
2024-04-18 14:04:17,216 [INFO] PluginManager:213 - loadIPPluginJar : add aes
2024-04-18 14:04:17,307 [INFO] IPUIPlugin:74 - create IPUIPlugin
2024-04-18 14:04:17,307 [INFO] PluginManager:213 - loadIPPluginJar : add can
2024-04-18 14:04:17,350 [INFO] IPUIPlugin:74 - create IPUIPlugin
2024-04-18 14:04:17,350 [INFO] PluginManager:213 - loadIPPluginJar : add comp
2024-04-18 14:04:17,397 [INFO] IPUIPlugin:74 - create IPUIPlugin
2024-04-18 14:04:17,397 [INFO] PluginManager:213 - loadIPPluginJar : add cryp
2024-04-18 14:04:17,456 [INFO] IPUIPlugin:74 - create IPUIPlugin
2024-04-18 14:04:17,457 [INFO] PluginManager:213 - loadIPPluginJar : add dfsdm
2024-04-18 14:04:17,475 [INFO] IPUIPlugin:74 - create IPUIPlugin
2024-04-18 14:04:17,477 [INFO] PluginManager:213 - loadIPPluginJar : add dma
2024-04-18 14:04:17,545 [INFO] IPUIPlugin:74 - create IPUIPlugin
2024-04-18 14:04:17,545 [INFO] PluginManager:213 - loadIPPluginJar : add dma3
2024-04-18 14:04:17,583 [INFO] IPUIPlugin:74 - create IPUIPlugin
2024-04-18 14:04:17,583 [INFO] PluginManager:213 - loadIPPluginJar : add fatfs
2024-04-18 14:04:17,660 [INFO] IPUIPlugin:74 - create IPUIPlugin
2024-04-18 14:04:17,660 [INFO] PluginManager:213 - loadIPPluginJar : add fmc
2024-04-18 14:04:17,676 [INFO] IPUIPlugin:74 - create IPUIPlugin
2024-04-18 14:04:17,676 [INFO] PluginManager:213 - loadIPPluginJar : add freertos
2024-04-18 14:04:17,713 [INFO] IPUIPlugin:74 - create IPUIPlugin
2024-04-18 14:04:17,713 [INFO] PluginManager:213 - loadIPPluginJar : add genericplugin
2024-04-18 14:04:17,834 [INFO] IPUIPlugin:74 - create IPUIPlugin
2024-04-18 14:04:17,835 [INFO] PluginManager:213 - loadIPPluginJar : add gfxmmu
2024-04-18 14:04:17,993 [INFO] IPUIPlugin:74 - create IPUIPlugin
2024-04-18 14:04:17,993 [INFO] PluginManager:213 - loadIPPluginJar : add gic
2024-04-18 14:04:18,008 [INFO] IPUIPlugin:74 - create IPUIPlugin
2024-04-18 14:04:18,008 [INFO] PluginManager:213 - loadIPPluginJar : add gpio
2024-04-18 14:04:18,108 [INFO] IPUIPlugin:74 - create IPUIPlugin
2024-04-18 14:04:18,108 [INFO] PluginManager:213 - loadIPPluginJar : add gtzc
2024-04-18 14:04:18,161 [INFO] IPUIPlugin:74 - create IPUIPlugin
2024-04-18 14:04:18,162 [INFO] PluginManager:213 - loadIPPluginJar : add hash
2024-04-18 14:04:18,229 [INFO] IPUIPlugin:74 - create IPUIPlugin
2024-04-18 14:04:18,229 [INFO] PluginManager:213 - loadIPPluginJar : add i2c
2024-04-18 14:04:18,282 [INFO] IPUIPlugin:74 - create IPUIPlugin
2024-04-18 14:04:18,283 [INFO] PluginManager:213 - loadIPPluginJar : add i2s
2024-04-18 14:04:18,298 [INFO] IPUIPlugin:74 - create IPUIPlugin
2024-04-18 14:04:18,298 [INFO] PluginManager:213 - loadIPPluginJar : add ipddr
2024-04-18 14:04:18,416 [INFO] IPUIPlugin:74 - create IPUIPlugin
2024-04-18 14:04:18,417 [INFO] PluginManager:213 - loadIPPluginJar : add linkedlist
2024-04-18 14:04:18,474 [INFO] IPUIPlugin:74 - create IPUIPlugin
2024-04-18 14:04:18,475 [INFO] PluginManager:213 - loadIPPluginJar : add lorawan
2024-04-18 14:04:18,525 [INFO] IPUIPlugin:74 - create IPUIPlugin
2024-04-18 14:04:18,525 [INFO] PluginManager:213 - loadIPPluginJar : add ltdc
2024-04-18 14:04:18,540 [INFO] IPUIPlugin:74 - create IPUIPlugin
2024-04-18 14:04:18,541 [INFO] PluginManager:213 - loadIPPluginJar : add mdma
2024-04-18 14:04:18,554 [INFO] IPUIPlugin:74 - create IPUIPlugin
2024-04-18 14:04:18,554 [INFO] PluginManager:213 - loadIPPluginJar : add nvic
2024-04-18 14:04:18,605 [INFO] IPUIPlugin:74 - create IPUIPlugin
2024-04-18 14:04:18,605 [INFO] PluginManager:213 - loadIPPluginJar : add opamp
2024-04-18 14:04:18,685 [INFO] IPUIPlugin:74 - create IPUIPlugin
2024-04-18 14:04:18,685 [INFO] PluginManager:213 - loadIPPluginJar : add openamp
2024-04-18 14:04:18,743 [INFO] IPUIPlugin:74 - create IPUIPlugin
2024-04-18 14:04:18,743 [INFO] PluginManager:213 - loadIPPluginJar : add pdm2pcm
2024-04-18 14:04:18,761 [INFO] IPUIPlugin:74 - create IPUIPlugin
2024-04-18 14:04:18,764 [INFO] PluginManager:213 - loadIPPluginJar : add plateformsettings
2024-04-18 14:04:18,819 [INFO] IPUIPlugin:74 - create IPUIPlugin
2024-04-18 14:04:18,820 [INFO] PluginManager:213 - loadIPPluginJar : add quadspi
2024-04-18 14:04:18,840 [INFO] IPUIPlugin:74 - create IPUIPlugin
2024-04-18 14:04:18,840 [INFO] PluginManager:213 - loadIPPluginJar : add resmgrutility
2024-04-18 14:04:18,907 [INFO] IPUIPlugin:74 - create IPUIPlugin
2024-04-18 14:04:18,908 [INFO] PluginManager:213 - loadIPPluginJar : add sai
2024-04-18 14:04:18,958 [INFO] IPUIPlugin:74 - create IPUIPlugin
2024-04-18 14:04:18,959 [INFO] PluginManager:213 - loadIPPluginJar : add spi
2024-04-18 14:04:19,025 [INFO] IPUIPlugin:74 - create IPUIPlugin
2024-04-18 14:04:19,025 [INFO] PluginManager:213 - loadIPPluginJar : add stm32_wpan
2024-04-18 14:04:19,061 [INFO] IPUIPlugin:74 - create IPUIPlugin
2024-04-18 14:04:19,061 [INFO] PluginManager:213 - loadIPPluginJar : add tim
2024-04-18 14:04:19,073 [INFO] ThirdPartyUpdaterWithRetryManager:66 - Updater plugin not ready yet. [2/15]
2024-04-18 14:04:19,138 [INFO] IPUIPlugin:74 - create IPUIPlugin
2024-04-18 14:04:19,138 [INFO] PluginManager:213 - loadIPPluginJar : add touchsensing
2024-04-18 14:04:19,174 [INFO] IPUIPlugin:74 - create IPUIPlugin
2024-04-18 14:04:19,174 [INFO] PluginManager:213 - loadIPPluginJar : add tracer_emb
2024-04-18 14:04:19,211 [INFO] IPUIPlugin:74 - create IPUIPlugin
2024-04-18 14:04:19,211 [INFO] PluginManager:213 - loadIPPluginJar : add ts
2024-04-18 14:04:19,243 [INFO] IPUIPlugin:74 - create IPUIPlugin
2024-04-18 14:04:19,244 [INFO] PluginManager:213 - loadIPPluginJar : add tsc
2024-04-18 14:04:19,277 [INFO] IPUIPlugin:74 - create IPUIPlugin
2024-04-18 14:04:19,277 [INFO] PluginManager:213 - loadIPPluginJar : add ucpd
2024-04-18 14:04:19,345 [INFO] IPUIPlugin:74 - create IPUIPlugin
2024-04-18 14:04:19,345 [INFO] PluginManager:213 - loadIPPluginJar : add usart
2024-04-18 14:04:19,407 [INFO] IPUIPlugin:74 - create IPUIPlugin
2024-04-18 14:04:19,407 [INFO] PluginManager:213 - loadIPPluginJar : add usbx
2024-04-18 14:04:19,837 [FATAL] Updater:294 - Updater called before beeing initialized
2024-04-18 14:04:19,972 [FATAL] Updater:294 - Updater called before beeing initialized
2024-04-18 14:04:19,984 [INFO] DbMcusAds:47 - JSON generation date=Wed Nov 29 16:22:27 IST 2023 (1701255147349)
2024-04-18 14:04:19,984 [FATAL] Updater:294 - Updater called before beeing initialized
2024-04-18 14:04:20,102 [WARN] DetailPanel:314 - Failed to get advertising image, set to default
2024-04-18 14:04:20,204 [FATAL] Updater:294 - Updater called before beeing initialized
2024-04-18 14:04:20,207 [FATAL] Updater:294 - Updater called before beeing initialized
2024-04-18 14:04:20,207 [FATAL] Updater:294 - Updater called before beeing initialized
2024-04-18 14:04:20,207 [WARN] DetailPanel:314 - Failed to get advertising image, set to default
2024-04-18 14:04:20,208 [FATAL] Updater:294 - Updater called before beeing initialized
2024-04-18 14:04:20,286 [ERROR] Updater:1075 - MainUpdater not yet initialized. External WinMGr cannot be set.
2024-04-18 14:04:20,300 [INFO] Updater:1012 - Updater Version found : 6.3.0
2024-04-18 14:04:20,328 [INFO] ApplicationProperties:181 - Using Application install path: C:\ST\STM32CubeIDE_1.7.0\STM32CubeIDE\plugins\com.st.stm32cube.common.mx_6.3.0.202107141111
2024-04-18 14:04:20,704 [INFO] MainUpdater:2671 - connection check result : 10
2024-04-18 14:04:20,706 [INFO] MainUpdater:265 - Updater Check For Update Now.
2024-04-18 14:04:20,707 [INFO] MicroXplorer:478 - Change Database Version : DB.6.0.30
2024-04-18 14:04:20,983 [INFO] CheckServerUpdateThread:112 - End of CheckServer Thread
2024-04-18 14:04:21,024 [INFO] MainUpdater:2671 - connection check result : 10
2024-04-18 14:04:21,631 [INFO] McuFinderGlobals:52 - Set McuFinderConnectedMode to false
2024-04-18 14:04:21,731 [INFO] CrossSelectorPresenter:1330 - Cross Selector saved comparison directory: C:\Users\GTI224\.stmcufinder\plugins\mcufinder\mcu\cs_comparisons_mx
2024-04-18 14:04:21,739 [INFO] MultiScanPanel:197 - Auto-refresh data requested => check proxy status ongoing
2024-04-18 14:04:21,739 [INFO] MultiScanPanel:201 - Proxy status is invalid
2024-04-18 14:04:21,743 [INFO] FinderPluginLoader:87 - Searching for filters in installed packs
2024-04-18 14:04:21,745 [INFO] DbMcusXml:100 - Load MCU database from C:\ST\STM32CubeIDE_1.7.0\STM32CubeIDE\plugins\com.st.stm32cube.common.mx_6.3.0.202107141111\\db\/mcu/families.xml
2024-04-18 14:04:22,266 [ERROR] Engine:463 - C:\Users\GTI224\.stm32cubemx\thirdparties\pdsc\STMicroelectronics.FP-SNS-MOTENVWB1.1.4.0.pdsc: PDSC version is not supported
2024-04-18 14:04:22,281 [ERROR] Engine:463 - C:\Users\GTI224\.stm32cubemx\thirdparties\pdsc\STMicroelectronics.X-CUBE-SMBUS.2.1.0.pdsc: PDSC version is not supported
2024-04-18 14:04:22,335 [WARN] PackLoader:238 - Cannot read IP mode file for STMicroelectronics.X-CUBE-TOUCHGFX.4.23.0
2024-04-18 14:04:22,349 [WARN] PackLoader:238 - Cannot read IP mode file for STMicroelectronics.X-CUBE-TOUCHGFX.4.23.2
2024-04-18 14:04:22,442 [WARN] PackLoader:238 - Cannot read IP mode file for STMicroelectronics.X-CUBE-AZRTOS-F7.1.1.0
2024-04-18 14:04:22,476 [ERROR] Engine:463 - C:\Users\GTI224\.stm32cubemx\thirdparties\pdsc\STMicroelectronics.FP-SNS-MOTENV1.4.3.2.pdsc: PDSC version is not supported
2024-04-18 14:04:22,486 [ERROR] Engine:463 - C:\Users\GTI224\.stm32cubemx\thirdparties\pdsc\STMicroelectronics.FP-SNS-FLIGHT1.5.0.2.pdsc: PDSC version is not supported
2024-04-18 14:04:22,497 [ERROR] Engine:463 - C:\Users\GTI224\.stm32cubemx\thirdparties\pdsc\STMicroelectronics.X-CUBE-DISPLAY.3.0.0.pdsc: PDSC version is not supported
2024-04-18 14:04:22,513 [WARN] PackLoader:238 - Cannot read IP mode file for STMicroelectronics.X-CUBE-BLE1.7.0.0
2024-04-18 14:04:22,524 [ERROR] Engine:463 - C:\Users\GTI224\.stm32cubemx\thirdparties\pdsc\emotas.I-CUBE-CANOPEN.1.3.0.pdsc: PDSC version is not supported
2024-04-18 14:04:22,536 [ERROR] Engine:463 - C:\Users\GTI224\.stm32cubemx\thirdparties\pdsc\STMicroelectronics.X-CUBE-BLEMGR.3.1.0.pdsc: PDSC version is not supported
2024-04-18 14:04:22,548 [ERROR] Engine:463 - C:\Users\GTI224\.stm32cubemx\thirdparties\pdsc\STMicroelectronics.FP-SNS-SMARTAG2.1.2.0.pdsc: PDSC version is not supported
2024-04-18 14:04:22,582 [INFO] LogOutputStream:76 - [STDOUT_REDIRECT] 1 : Invalid condition id : UX_CORESTACK_Condition cause : null
2024-04-18 14:04:22,584 [INFO] LogOutputStream:76 - [STDOUT_REDIRECT] 1 : Invalid condition id : UX_CORESTACK_Condition cause : null
2024-04-18 14:04:22,587 [INFO] LogOutputStream:76 - [STDOUT_REDIRECT] 1 : Invalid condition id : UX_CORESTACK_Condition cause : null
2024-04-18 14:04:22,588 [INFO] LogOutputStream:76 - [STDOUT_REDIRECT] 1 : Invalid condition id : UX_CORESTACK_Condition cause : null
2024-04-18 14:04:22,590 [INFO] LogOutputStream:76 - [STDOUT_REDIRECT] 1 : Invalid condition id : UX_CORESTACK_Condition cause : null
2024-04-18 14:04:22,606 [WARN] PackLoader:238 - Cannot read IP mode file for STMicroelectronics.X-CUBE-AZRTOS-WL.2.0.0
2024-04-18 14:04:22,621 [ERROR] Engine:463 - C:\Users\GTI224\.stm32cubemx\thirdparties\pdsc\STMicroelectronics.FP-SNS-MOTENV1.5.0.0.pdsc: PDSC version is not supported
2024-04-18 14:04:22,638 [WARN] PackLoader:238 - Cannot read IP mode file for WES.I-CUBE-Cesium.1.3.0
2024-04-18 14:04:22,651 [WARN] PackLoader:238 - Cannot read IP mode file for STMicroelectronics.X-CUBE-BLE2.3.3.0
2024-04-18 14:04:22,663 [ERROR] Engine:463 - C:\Users\GTI224\.stm32cubemx\thirdparties\pdsc\STMicroelectronics.X-CUBE-TCPP.4.1.0.pdsc: PDSC version is not supported
2024-04-18 14:04:22,680 [WARN] PackLoader:238 - Cannot read IP mode file for STMicroelectronics.X-CUBE-ALGOBUILD.1.3.0
2024-04-18 14:04:22,692 [INFO] DbMcusJson:93 - JSON generation date=Tue Nov 16 21:47:54 IST 2021 (1637079474)
2024-04-18 14:04:22,712 [WARN] PackLoader:238 - Cannot read IP mode file for STMicroelectronics.X-CUBE-AZRTOS-G0.1.1.0
2024-04-18 14:04:22,746 [WARN] PackLoader:238 - Cannot read IP mode file for STMicroelectronics.X-CUBE-SAFEA1.1.2.2
2024-04-18 14:04:22,777 [WARN] PackLoader:238 - Cannot read IP mode file for STMicroelectronics.X-CUBE-NFC4.3.0.0
2024-04-18 14:04:22,792 [WARN] PackLoader:238 - Cannot read IP mode file for STMicroelectronics.FP-ATR-SIGFOX1.3.2.0
2024-04-18 14:04:22,808 [WARN] PackLoader:238 - Cannot read IP mode file for STMicroelectronics.X-CUBE-EEPRMA1.5.1.0
2024-04-18 14:04:22,883 [WARN] PackLoader:238 - Cannot read IP mode file for SEGGER.I-CUBE-embOS.1.3.1
2024-04-18 14:04:22,978 [WARN] PackLoader:238 - Cannot read IP mode file for STMicroelectronics.X-CUBE-GNSS1.6.0.0
2024-04-18 14:04:23,026 [WARN] PackLoader:238 - Cannot read IP mode file for STMicroelectronics.X-CUBE-AZRTOS-F4.1.1.0
2024-04-18 14:04:23,053 [WARN] PackLoader:238 - Cannot read IP mode file for wolfSSL.I-CUBE-wolfSSL.5.6.6
2024-04-18 14:04:23,086 [WARN] PackLoader:238 - Cannot read IP mode file for STMicroelectronics.X-CUBE-AZRTOS-L5.2.0.0
2024-04-18 14:04:23,106 [WARN] PackLoader:238 - Cannot read IP mode file for STMicroelectronics.X-CUBE-NFC6.3.1.0
2024-04-18 14:04:23,118 [ERROR] Engine:463 - C:\Users\GTI224\.stm32cubemx\thirdparties\pdsc\ITTIA_DB.I-CUBE-ITTIADB.8.8.0.pdsc: PDSC version is not supported
2024-04-18 14:04:23,132 [WARN] PackLoader:238 - Cannot read IP mode file for STMicroelectronics.X-CUBE-AI.9.0.0
2024-04-18 14:04:23,159 [WARN] PackLoader:238 - Cannot read IP mode file for STMicroelectronics.X-CUBE-NFC7.1.0.1
2024-04-18 14:04:23,182 [WARN] PackLoader:238 - Cannot read IP mode file for STMicroelectronics.X-CUBE-NFC6.3.0.0
2024-04-18 14:04:23,203 [WARN] PackLoader:238 - Cannot read IP mode file for STMicroelectronics.X-CUBE-AI.8.1.0
2024-04-18 14:04:23,254 [WARN] ConditionMgr:437 - getConditionDescription Invalid condition id : LAN8742 Phy interface Condition cause : null
2024-04-18 14:04:23,256 [WARN] PackLoader:238 - Cannot read IP mode file for STMicroelectronics.X-CUBE-AZRTOS-L4.2.0.0
2024-04-18 14:04:23,258 [WARN] ConditionMgr:1038 - genDependencies : Invalid condition id : LAN8742 Phy interface Condition cause : null
2024-04-18 14:04:23,258 [WARN] ConditionMgr:1038 - genDependencies : Invalid condition id : LAN8742 Phy interface Condition cause : null
2024-04-18 14:04:23,260 [WARN] ConditionMgr:1038 - genDependencies : Invalid condition id : LAN8742 Phy interface Condition cause : null
2024-04-18 14:04:23,278 [WARN] PackLoader:238 - Cannot read IP mode file for STMicroelectronics.X-CUBE-SFXS2LP1.4.0.0
2024-04-18 14:04:23,314 [WARN] ConditionMgr:437 - getConditionDescription Invalid condition id : UX DEVICE CLASS RTOS Condition cause : null
2024-04-18 14:04:23,314 [WARN] ConditionMgr:437 - getConditionDescription Invalid condition id : UX DEVICE CLASS RTOS Condition cause : null
2024-04-18 14:04:23,316 [WARN] PackLoader:238 - Cannot read IP mode file for STMicroelectronics.X-CUBE-AZRTOS-WB.2.0.0
2024-04-18 14:04:23,317 [WARN] ConditionMgr:1038 - genDependencies : Invalid condition id : UX DEVICE CLASS RTOS Condition cause : null
2024-04-18 14:04:23,317 [WARN] ConditionMgr:1038 - genDependencies : Invalid condition id : UX DEVICE CLASS RTOS Condition cause : null
2024-04-18 14:04:23,317 [WARN] ConditionMgr:1038 - genDependencies : Invalid condition id : UX DEVICE CLASS RTOS Condition cause : null
2024-04-18 14:04:23,317 [WARN] ConditionMgr:1038 - genDependencies : Invalid condition id : UX DEVICE CLASS RTOS Condition cause : null
2024-04-18 14:04:23,318 [WARN] ConditionMgr:1038 - genDependencies : Invalid condition id : UX DEVICE CLASS RTOS Condition cause : null
2024-04-18 14:04:23,338 [WARN] PackLoader:238 - Cannot read IP mode file for STMicroelectronics.X-CUBE-SUBG2.5.0.0
2024-04-18 14:04:23,369 [WARN] PackLoader:238 - Cannot read IP mode file for STMicroelectronics.X-CUBE-AZRTOS-G4.2.0.0
2024-04-18 14:04:23,396 [ERROR] Engine:463 - C:\Users\GTI224\.stm32cubemx\thirdparties\pdsc\Infineon.AIROC-Wi-Fi-Bluetooth-STM32.1.5.1.pdsc: PDSC version is not supported
2024-04-18 14:04:23,421 [ERROR] Engine:463 - C:\Users\GTI224\.stm32cubemx\thirdparties\pdsc\STMicroelectronics.FP-SNS-MOTENVWB1.1.3.1.pdsc: PDSC version is not supported
2024-04-18 14:04:23,435 [WARN] PackLoader:238 - Cannot read IP mode file for STMicroelectronics.X-CUBE-ISPU.2.0.0
2024-04-18 14:04:23,504 [WARN] PackLoader:238 - Cannot read IP mode file for STMicroelectronics.X-CUBE-MEMS1.10.0.0
2024-04-18 14:04:23,530 [INFO] DbMcus:175 - Found 1951 MCUs (1903 are supported by CubeMX, 1914 are visible in CubeMX)
2024-04-18 14:04:23,531 [INFO] ApiDb:251 - Load user favorites file C:\Users\GTI224/.stm32cubeide/favorites.mcus.txt: 0 item(s)
2024-04-18 14:04:23,531 [INFO] ApiDb:255 - User favorites MCUs=[]
2024-04-18 14:04:23,531 [INFO] DbMcus:187 - Set 0 / 0 favorites MCUs
2024-04-18 14:04:23,759 [ERROR] Engine:463 - C:\Users\GTI224\.stm32cubemx\thirdparties\pdsc\STMicroelectronics.X-CUBE-FREERTOS.1.1.0.pdsc: PDSC version is not supported
2024-04-18 14:04:23,771 [WARN] PackLoader:238 - Cannot read IP mode file for portGmbH.I-Cube-SoM-uGOAL.1.1.0
2024-04-18 14:04:23,787 [WARN] PackLoader:238 - Cannot read IP mode file for STMicroelectronics.X-CUBE-ALS.1.0.1
2024-04-18 14:04:23,851 [WARN] PackLoader:238 - Cannot read IP mode file for STMicroelectronics.X-CUBE-AZRTOS-H7RS.1.0.0
2024-04-18 14:04:23,867 [WARN] PackLoader:238 - Cannot read IP mode file for STMicroelectronics.FP-ATR-ASTRA1.2.0.0
2024-04-18 14:04:23,887 [ERROR] Engine:463 - C:\Users\GTI224\.stm32cubemx\thirdparties\pdsc\STMicroelectronics.X-CUBE-TOF1.3.4.1.pdsc: PDSC version is not supported
2024-04-18 14:04:23,927 [WARN] PackLoader:238 - Cannot read IP mode file for STMicroelectronics.X-CUBE-AZRTOS-H7.3.2.0
2024-04-18 14:04:23,931 [INFO] ThirdParty:915 - Integrity check success = true
2024-04-18 14:04:23,931 [INFO] IntegrityCheckThread:94 - exiting critical section [integrity check]
2024-04-18 14:04:23,931 [INFO] IntegrityCheckThread:97 - End integrity checks thread
2024-04-18 14:04:24,167 [INFO] DetailPanel:309 - Set advertising image to C:/Users/GTI224/STM32Cube/Repository/\en.prom-stm32wl3-mcu-finder.jpg
2024-04-18 14:04:24,587 [INFO] DbBoardsPdsc:90 - Found 25 items
2024-04-18 14:04:24,602 [INFO] DbBoardsPdsc:90 - Found 9 items
2024-04-18 14:04:24,616 [INFO] DbBoardsPdsc:90 - Found 33 items
2024-04-18 14:04:24,627 [INFO] DbBoardsPdsc:90 - Found 1 items
2024-04-18 14:04:24,645 [INFO] DbBoardsPdsc:90 - Found 48 items
2024-04-18 14:04:24,665 [INFO] DbBoardsPdsc:90 - Found 43 items
2024-04-18 14:04:24,677 [INFO] DbBoardsPdsc:90 - Found 2 items
2024-04-18 14:04:24,688 [INFO] DbBoardsPdsc:90 - Found 5 items
2024-04-18 14:04:24,693 [WARN] DbBoardsPdsc:254 - Board STM32H7B3I-DK: unknown feature type=Audio, name=, username=Audio stereo codec with Headphone Amp (CS42L51-CNZ), n=1
2024-04-18 14:04:24,694 [WARN] DbBoardsPdsc:254 - Board STM32H735G-DK: unknown feature type=Audio, name=, username=Audio stereo codec with Headphone Amp (WM8994ECS/R), n=1
2024-04-18 14:04:24,695 [WARN] DbBoardsPdsc:254 - Board STM32H7B3I-EVAL: unknown feature type=Audio, name=, username=Multi-Channel Audio Codec (CS42L51-CNZ), n=1
2024-04-18 14:04:24,695 [WARN] DbBoardsPdsc:254 - Board STM32H7B3I-EVAL: unknown feature type=Meter, name=, username=Power-metering and Temperature-monitoring with sigma-delta modulators, n=1
2024-04-18 14:04:24,695 [WARN] DbBoardsPdsc:254 - Board STM32H7B3I-EVAL: unknown feature type=Motor, name=, username=Motor Control, n=1
2024-04-18 14:04:24,696 [WARN] DbBoardsPdsc:254 - Board STM32U575I-EV: unknown feature type=joystick, name=, username=4-direction joystick with selection button, n=1
2024-04-18 14:04:24,741 [INFO] DbBoardsJson:86 - JSON generation date=Tue Nov 16 21:47:54 IST 2021 (1637079474)
2024-04-18 14:04:24,748 [INFO] DbBoards:117 - Found 167 boards (163 are supported by CubeMX)
2024-04-18 14:04:24,774 [INFO] DbBoardsDocs:143 - JSON generation date=Tue Nov 16 21:47:54 IST 2021 (1637079474)
2024-04-18 14:04:24,780 [INFO] DbBoardsDocs:79 - Found 209 boards documents
2024-04-18 14:04:24,781 [WARN] DbBoards:127 - board B-L475E-IOT01A2 has no document id list !
2024-04-18 14:04:24,783 [WARN] DbBoards:127 - board NUCLEO-H743ZI has no document id list !
2024-04-18 14:04:24,784 [WARN] DbBoards:127 - board NUCLEO-WL55JC2 has no document id list !
2024-04-18 14:04:24,784 [WARN] DbBoards:127 - board P-NUCLEO-WB55-Nucleo has no document id list !
2024-04-18 14:04:24,784 [WARN] DbBoards:127 - board P-NUCLEO-WB55-USBDongle has no document id list !
2024-04-18 14:04:24,784 [WARN] DbBoards:127 - board STEVAL-BFA001V1B has no document id list !
2024-04-18 14:04:24,785 [WARN] DbBoards:127 - board STEVAL-BFA001V2B has no document id list !
2024-04-18 14:04:24,785 [WARN] DbBoards:127 - board STEVAL-IDP005V1 has no document id list !
2024-04-18 14:04:24,785 [WARN] DbBoards:127 - board STEVAL-IDP005V2 has no document id list !
2024-04-18 14:04:24,786 [WARN] DbBoards:127 - board STEVAL-MKSBOX1V1 has no document id list !
2024-04-18 14:04:24,786 [WARN] DbBoards:127 - board STEVAL-STWINKT1 has no document id list !
2024-04-18 14:04:24,786 [WARN] DbBoards:127 - board STEVAL-STWINKT1B has no document id list !
2024-04-18 14:04:24,786 [WARN] DbBoards:127 - board STM32439I-EVAL2 has no document id list !
2024-04-18 14:04:24,786 [WARN] DbBoards:127 - board STM32F401C-DISCO has no document id list !
2024-04-18 14:04:24,787 [WARN] DbBoards:127 - board STM32F769I-DISC1 has no document id list !
2024-04-18 14:04:24,787 [WARN] DbBoards:127 - board STM32G474E-EVAL1 has no document id list !
2024-04-18 14:04:24,787 [WARN] DbBoards:127 - board STM32H743I-EVAL2 has no document id list !
2024-04-18 14:04:24,787 [WARN] DbBoards:127 - board STM32H747I-DISC1 has no document id list !
2024-04-18 14:04:24,788 [WARN] DbBoards:127 - board STM32H753I-EVAL2 has no document id list !
2024-04-18 14:04:24,788 [WARN] DbBoards:127 - board STM32L-DISCOVERY has no document id list !
2024-04-18 14:04:24,961 [ERROR] DbBoards:189 - Image file not found for board B-U585I-IOT02A: C:\ST\STM32CubeIDE_1.7.0\STM32CubeIDE\plugins\com.st.stm32cube.common.mx_6.3.0.202107141111\\db\/plugins/mcufinder/images/boards/B-U585I-IOT02A_small.jpg
2024-04-18 14:04:25,105 [ERROR] DbBoards:189 - Image file not found for board NUCLEO-F413ZH: C:\ST\STM32CubeIDE_1.7.0\STM32CubeIDE\plugins\com.st.stm32cube.common.mx_6.3.0.202107141111\\db\/plugins/mcufinder/images/boards/nucleo-f413zh_small.jpg
2024-04-18 14:04:25,307 [ERROR] DbBoards:189 - Image file not found for board NUCLEO-L552ZE-Q: C:\ST\STM32CubeIDE_1.7.0\STM32CubeIDE\plugins\com.st.stm32cube.common.mx_6.3.0.202107141111\\db\/plugins/mcufinder/images/boards/nucleo_l552ze_q_small.jpg
2024-04-18 14:04:25,308 [ERROR] DbBoards:189 - Image file not found for board NUCLEO-U575ZI-Q: C:\ST\STM32CubeIDE_1.7.0\STM32CubeIDE\plugins\com.st.stm32cube.common.mx_6.3.0.202107141111\\db\/plugins/mcufinder/images/boards/nucleo-u575zi-q_small.jpg
2024-04-18 14:04:25,308 [ERROR] DbBoards:189 - Image file not found for board NUCLEO-WB15CC: C:\ST\STM32CubeIDE_1.7.0\STM32CubeIDE\plugins\com.st.stm32cube.common.mx_6.3.0.202107141111\\db\/plugins/mcufinder/images/boards/nucleo-wb15cc_small.jpg
2024-04-18 14:04:25,308 [ERROR] DbBoards:189 - Image file not found for board NUCLEO-WB55RG: C:\ST\STM32CubeIDE_1.7.0\STM32CubeIDE\plugins\com.st.stm32cube.common.mx_6.3.0.202107141111\\db\/plugins/mcufinder/images/boards/nucleo-wb55rg_small.jpg
2024-04-18 14:04:26,645 [INFO] ApiDb:251 - Load user favorites file C:\Users\GTI224/.stm32cubeide/favorites.boards.txt: 0 item(s)
2024-04-18 14:04:26,645 [INFO] ApiDb:255 - User favorites Boards=[]
2024-04-18 14:04:26,645 [INFO] DbBoards:206 - Set 0 / 0 favorites Boards
2024-04-18 14:04:44,031 [INFO] DbMcusDocs:143 - JSON generation date=Tue Nov 16 21:47:54 IST 2021 (1637079474)
2024-04-18 14:04:44,294 [INFO] DbMcusDocs:79 - Found 682 MCUs documents
2024-04-18 14:04:44,411 [INFO] MultiScanPanel:197 - Auto-refresh data requested => check proxy status ongoing
2024-04-18 14:04:44,412 [INFO] MultiScanPanel:201 - Proxy status is invalid
2024-04-18 14:04:44,466 [INFO] DetailPanel:309 - Set advertising image to C:/Users/GTI224/STM32Cube/Repository/\en.prom-stm32wl3-mcu-finder.jpg
2024-04-18 14:05:19,531 [INFO] MainUpdater:2671 - connection check result : 10
2024-04-18 14:05:19,532 [INFO] MainUpdater:2671 - connection check result : 10
2024-04-18 14:05:19,635 [INFO] MicroXplorer:448 - Change Database Path : 
2024-04-18 14:05:19,635 [INFO] MicroXplorer:478 - Change Database Version : DB.6.0.30
2024-04-18 14:05:19,636 [WARN] ThirdParty:813 - waiting for thirdparty lock release [close project]
2024-04-18 14:05:19,637 [INFO] ThirdParty:815 - entering critical section [close project]
2024-04-18 14:05:19,641 [INFO] ThirdParty:825 - exiting critical section [close project]
2024-04-18 14:05:19,647 [INFO] PinOutPanel:1463 - setPackage(No Configuration,No Configuration)
2024-04-18 14:05:19,648 [INFO] UtilMem:74 - Begin LoadConfig() Used Memory: 279371264 Bytes (501219328)
2024-04-18 14:05:19,649 [INFO] OpenFileManager:313 - Change cursor
2024-04-18 14:05:21,896 [INFO] Context:592 - Trying to add GPIOservice into a context  which must be forbidden
2024-04-18 14:05:22,250 [INFO] Rule:220 - rule Rename SubGHz_Phy SUBGHZ_APPLICATION SUBGHZ_PINGPONG to SUBGHZ_ADV_APPLICATION is applicable
2024-04-18 14:05:22,251 [INFO] Rule:220 - rule Rename Enabled to IBEACON is applicable
2024-04-18 14:05:22,251 [INFO] Rule:220 - rule GTZC_S instance for project manager is applicable
2024-04-18 14:05:22,251 [INFO] Rule:220 - rule GTZC_S instance for context M33S is applicable
2024-04-18 14:05:22,251 [INFO] Rule:220 - rule GTZC_S instance value for IP GTZC is applicable
2024-04-18 14:05:22,251 [INFO] Rule:220 - rule GTZC_S instance for mcu.IP is applicable
2024-04-18 14:05:22,251 [INFO] Rule:220 - rule GTZC_S instance for VP is applicable
2024-04-18 14:05:22,251 [INFO] Rule:220 - rule GTZC_S instance for signal is applicable
2024-04-18 14:05:22,251 [INFO] Rule:220 - rule GTZC_S instance for mcu.Pin is applicable
2024-04-18 14:05:22,251 [INFO] Rule:220 - rule GTZC_S instance for VP is applicable
2024-04-18 14:05:22,251 [INFO] Rule:220 - rule GTZC_S instance for signal is applicable
2024-04-18 14:05:22,251 [INFO] Rule:220 - rule GTZC_S instance for mcu is applicable
2024-04-18 14:05:22,251 [INFO] Rule:220 - rule GTZC_S instance for mcu.Pin is applicable
2024-04-18 14:05:22,251 [INFO] Rule:220 - rule GTZC_S instance value for IP GTZC is applicable
2024-04-18 14:05:22,251 [INFO] Rule:220 - rule GTZC_S instance for project manager is applicable
2024-04-18 14:05:22,252 [INFO] Rule:220 - rule GTZC_S instance for context M33S is applicable
2024-04-18 14:05:22,252 [INFO] Rule:220 - rule GTZC_S instance for VP is applicable
2024-04-18 14:05:22,252 [INFO] Rule:220 - rule GTZC_S instance for signal is applicable
2024-04-18 14:05:22,252 [INFO] Rule:220 - rule SPDIFRX instance for mcu is applicable
2024-04-18 14:05:22,252 [INFO] Rule:220 - rule Rename Tracer Mode is applicable
2024-04-18 14:05:22,252 [INFO] Rule:220 - rule SPDIFRX instance value for IP SPDIFRX is applicable
2024-04-18 14:05:22,252 [INFO] Rule:220 - rule SPDIFRX instance for signal is applicable
2024-04-18 14:05:22,252 [INFO] Rule:220 - rule SPDIFRX instance for project manager is applicable
2024-04-18 14:05:22,252 [INFO] Rule:220 - rule SPDIFRX instance for project manager is applicable
2024-04-18 14:05:22,252 [INFO] Rule:220 - rule ADC Scan  fix with FW F7 is applicable
2024-04-18 14:05:22,252 [INFO] Rule:220 - rule ADC Scan  fix with FW F7 is applicable
2024-04-18 14:05:22,252 [INFO] Rule:220 - rule UART/USART WORD LENGTH 7 is applicable
2024-04-18 14:05:22,252 [INFO] Rule:220 - rule UART/USART WORD LENGTH 8 is applicable
2024-04-18 14:05:22,252 [INFO] Rule:220 - rule UART/USART WORD LENGTH 9 is applicable
2024-04-18 14:05:22,253 [INFO] Rule:220 - rule Change Default Value for ADC Clock Prescaler G0 family is applicable
2024-04-18 14:05:22,253 [INFO] Rule:220 - rule ADC SamplingTime fix with FW L0  is applicable
2024-04-18 14:05:22,253 [INFO] Rule:220 - rule ADC SamplingTime fix with FW L0  is applicable
2024-04-18 14:05:22,253 [INFO] Rule:220 - rule ADC SamplingTime fix with FW L0 is applicable
2024-04-18 14:05:22,253 [INFO] Rule:220 - rule ADC SamplingTime fix with FW L0 is applicable
2024-04-18 14:05:22,253 [INFO] Rule:220 - rule ADC SamplingTime fix with FW L0  is applicable
2024-04-18 14:05:22,253 [INFO] Rule:220 - rule ADC SamplingTime fix with FW L0 is applicable
2024-04-18 14:05:22,253 [INFO] Rule:220 - rule Rename USB_OE Signal is applicable
2024-04-18 14:05:22,253 [INFO] Rule:220 - rule Rename Activate_OE Mode is applicable
2024-04-18 14:05:22,253 [INFO] Rule:220 - rule Rename DIE462/DIE415 pin PC14/OSC32_IN -> PC14-OSC32_IN (PC14) is applicable
2024-04-18 14:05:22,253 [INFO] Rule:220 - rule Rename DIE462/DIE415 pin PC15/OSC32_OUT -> PC15-OSC32_OUT (PC15) is applicable
2024-04-18 14:05:22,253 [INFO] Rule:220 - rule Rename DIE462/DIE415 pin PH0/OSC_IN -> PH0-OSC_IN (PH0) is applicable
2024-04-18 14:05:22,253 [INFO] Rule:220 - rule Rename DIE462/DIE415 pin PH1/OSC_OUT -> PH1-OSC_OUT (PH1) is applicable
2024-04-18 14:05:22,253 [INFO] Rule:220 - rule Rename DIE462 pin PA13 -> PA13 (JTMS/SWDIO) is applicable
2024-04-18 14:05:22,253 [INFO] Rule:220 - rule Rename DIE415 pin PA13 -> PA13 (JTMS/SWDIO) is applicable
2024-04-18 14:05:22,254 [INFO] Rule:220 - rule Rename DIE462 pin PA14 -> PA14 (JTCK/SWCLK) is applicable
2024-04-18 14:05:22,254 [INFO] Rule:220 - rule Rename DIE415 pin PA14 -> PA14 (JTCK/SWCLK) is applicable
2024-04-18 14:05:22,254 [INFO] Rule:220 - rule Rename DIE462/DIE415 pin PA15 -> PA15 (JTDI) is applicable
2024-04-18 14:05:22,254 [INFO] Rule:220 - rule Rename DIE462 pin PB3 -> PB3 (JTD0/TRACESWO) is applicable
2024-04-18 14:05:22,254 [INFO] Rule:220 - rule Rename DIE415 pin PB3 -> PB3 (JTD0-TRACESWO) is applicable
2024-04-18 14:05:22,254 [INFO] Rule:220 - rule Rename DIE462/DIE415 pin PB4 -> PB4 (NJTRST) is applicable
2024-04-18 14:05:22,254 [INFO] Rule:220 - rule Rename DIE462 pin PH3/BOOT0 -> PH3-BOOT0 (BOOT0) is applicable
2024-04-18 14:05:22,254 [INFO] Rule:220 - rule Rename CRYP DataEncryptionTypesList to Algorithm is applicable
2024-04-18 14:05:22,254 [INFO] Rule:220 - rule Rename AES DataEncryptionTypesList to Algorithm is applicable
2024-04-18 14:05:22,256 [INFO] Rule:220 - rule Rename TDESECB to CRYP_TDES_ECB is applicable
2024-04-18 14:05:22,256 [INFO] Rule:220 - rule Rename TDESCBC to CRYP_TDES_CBC is applicable
2024-04-18 14:05:22,256 [INFO] Rule:220 - rule Rename DESECB to CRYP_DES_ECB is applicable
2024-04-18 14:05:22,256 [INFO] Rule:220 - rule Rename DESCBC to CRYP_DES_CBC is applicable
2024-04-18 14:05:22,256 [INFO] Rule:220 - rule Rename AESECB to CRYP_AES_ECB is applicable
2024-04-18 14:05:22,256 [INFO] Rule:220 - rule Rename AESCBC to CRYP_AES_CBC is applicable
2024-04-18 14:05:22,256 [INFO] Rule:220 - rule Rename AESCTR to CRYP_AES_CTR is applicable
2024-04-18 14:05:22,256 [INFO] Rule:220 - rule Rename AESGCM to CRYP_AES_GCM is applicable
2024-04-18 14:05:22,256 [INFO] Rule:220 - rule Rename AESCCM to CRYP_AES_CCM is applicable
2024-04-18 14:05:22,256 [INFO] Rule:220 - rule Rename CAN TimeSeg1 to BS1 is applicable
2024-04-18 14:05:22,256 [INFO] Rule:220 - rule Rename CAN TimeSeg2 to BS2 is applicable
2024-04-18 14:05:22,256 [INFO] Rule:220 - rule Rename CAN SyncJumpWidth to SJW is applicable
2024-04-18 14:05:22,256 [INFO] Rule:220 - rule TimeTriggeredMode to TTCM is applicable
2024-04-18 14:05:22,256 [INFO] Rule:220 - rule Rename CAN AutoBusOff to ABOM is applicable
2024-04-18 14:05:22,256 [INFO] Rule:220 - rule Rename CAN AutoWakeUp to AWUM is applicable
2024-04-18 14:05:22,256 [INFO] Rule:220 - rule Rename CAN AutoRetransmission to NART is applicable
2024-04-18 14:05:22,256 [INFO] Rule:220 - rule Rename CAN ReceiveFifoLocked to RFLM is applicable
2024-04-18 14:05:22,256 [INFO] Rule:220 - rule Rename CAN TransmitFifoPriority to TXFP is applicable
2024-04-18 14:05:22,256 [INFO] Rule:220 - rule Rename HRTIMER HRTIM_OUTPUTFAULTLEVEL_HIGH in HRTIMER HRTIM_OUTPUTFAULTLEVEL_HIGHZ is applicable
2024-04-18 14:05:22,256 [INFO] Rule:220 - rule Rename TIMER TIM_CLEARINPUTSOURCE_OCREFCLR in  TIMER TIM_CLEARINPUTSOURCE_NONE for F7 family is applicable
2024-04-18 14:05:22,256 [INFO] Rule:220 - rule FDCAN_R1 - Rename FDCAN mode Master into Classic is applicable
2024-04-18 14:05:22,256 [INFO] Rule:220 - rule FDCAN_R2 - Rename FDCAN mode Slave into Classic is applicable
2024-04-18 14:05:22,256 [INFO] Rule:220 - rule FDCAN1_R3 - if PA10.Mode=FullDuplex, add Pin PA12 is applicable
2024-04-18 14:05:22,256 [INFO] Rule:220 - rule FDCAN1_R3 - if PA9.Mode=FullDuplex, add Pin PA11 is applicable
2024-04-18 14:05:22,257 [INFO] Rule:220 - rule FDCAN1_R3 - Alternatepin_1 - if PE1.Mode=FullDuplex, add Pin PB9 is applicable
2024-04-18 14:05:22,257 [INFO] Rule:220 - rule FDCAN1_R3 - Alternatepin_1 - if PE0.Mode=FullDuplex, add Pin PB8 is applicable
2024-04-18 14:05:22,257 [INFO] Rule:220 - rule FDCAN1_R3 - Alternatepin_2 - if PD5.Mode=FullDuplex, add Pin PD1 is applicable
2024-04-18 14:05:22,257 [INFO] Rule:220 - rule FDCAN1_R3 - Alternatepin_2 - if PD4.Mode=FullDuplex, add Pin PD0 is applicable
2024-04-18 14:05:22,258 [INFO] Rule:220 - rule FDCAN1_R4 - Rename Mode FullDuplex into Enable FDCAN_TXFD for pin PA10 is applicable
2024-04-18 14:05:22,258 [INFO] Rule:220 - rule FDCAN1_R4 - Rename Mode FullDuplex into Enable FDCAN_TXFD for pin PA9 is applicable
2024-04-18 14:05:22,258 [INFO] Rule:220 - rule FDCAN1_R4 - Alternatepin_1 - Rename Mode FullDuplex into Enable FDCAN_TXFD for pin PE1 is applicable
2024-04-18 14:05:22,258 [INFO] Rule:220 - rule FDCAN1_R4 - Alternatepin_1 - Rename Mode FullDuplex into Enable FDCAN_TXFD for pin PE0 is applicable
2024-04-18 14:05:22,258 [INFO] Rule:220 - rule FDCAN1_R4 - Alternatepin_2 - Rename Mode FullDuplex into Enable FDCAN_TXFD for pin PD5 is applicable
2024-04-18 14:05:22,258 [INFO] Rule:220 - rule FDCAN1_R4 - Alternatepin_2 - Rename Mode FullDuplex into Enable FDCAN_TXFD for pin PD4 is applicable
2024-04-18 14:05:22,258 [INFO] Rule:220 - rule FDCAN2_R3 - if PD10.Mode=FullDuplex, add Pin PB13 is applicable
2024-04-18 14:05:22,258 [INFO] Rule:220 - rule FDCAN2_R3 - if PD9.Mode=FullDuplex, add Pin PB12 is applicable
2024-04-18 14:05:22,258 [INFO] Rule:220 - rule FDCAN2_R3 - Alternatepin_1 - if PB7.Mode=FullDuplex, add Pin PB6 is applicable
2024-04-18 14:05:22,258 [INFO] Rule:220 - rule FDCAN2_R3 - Alternatepin_1 - if PD9.Mode=FullDuplex, add Pin PB12 is applicable
2024-04-18 14:05:22,258 [INFO] Rule:220 - rule FDCAN2_R4 - Rename Mode FullDuplex into Enable FDCAN_TXFD for pin PD10 is applicable
2024-04-18 14:05:22,258 [INFO] Rule:220 - rule FDCAN2_R4 - Rename Mode FullDuplex into Enable FDCAN_TXFD for pin PD9 is applicable
2024-04-18 14:05:22,258 [INFO] Rule:220 - rule FDCAN2_R4 - Alternatepin_1 - Rename Mode FullDuplex into Enable FDCAN_TXFD for pin PB7 is applicable
2024-04-18 14:05:22,258 [INFO] Rule:220 - rule FDCAN2_R4 - Alternatepin_1 - Rename Mode FullDuplex into Enable FDCAN_TXFD for pin PD6 is applicable
2024-04-18 14:05:22,258 [INFO] Rule:220 - rule USART TxPinLevelInvertParam Mode is applicable
2024-04-18 14:05:22,258 [INFO] Rule:220 - rule USART RxPinLevelInvertParam Mode is applicable
2024-04-18 14:05:22,258 [INFO] Rule:220 - rule USART DataInvertParam Mode is applicable
2024-04-18 14:05:22,258 [INFO] Rule:220 - rule USART SwapParam Mode is applicable
2024-04-18 14:05:22,258 [INFO] Rule:220 - rule USART OverrunDisableParam Mode is applicable
2024-04-18 14:05:22,258 [INFO] Rule:220 - rule USART DMADisableonRxErrorParam Mode is applicable
2024-04-18 14:05:22,258 [INFO] Rule:220 - rule USART MSBFirstParam Mode is applicable
2024-04-18 14:05:22,258 [INFO] Rule:220 - rule Update MwName for USB_DEVICE is applicable
2024-04-18 14:05:22,258 [INFO] Rule:220 - rule Change PWR_Regulator_Voltage_Scale Default Value for RCC  H7 family is applicable
2024-04-18 14:05:22,259 [INFO] Rule:220 - rule UART/USART IPParameter rename Prescaler parameter to ClockPrescaler is applicable
2024-04-18 14:05:22,259 [INFO] Rule:220 - rule UART/USART Prescaler rename Prescaler parameter to ClockPrescaler is applicable
2024-04-18 14:05:22,259 [INFO] Rule:220 - rule TIM1CLockSelection is applicable
2024-04-18 14:05:22,259 [INFO] Rule:220 - rule TIM15CLockSelection is applicable
2024-04-18 14:05:22,259 [INFO] Rule:220 - rule align RCC SDMMC3CLockSelection default value on MP1 is applicable
2024-04-18 14:05:22,259 [INFO] Rule:220 - rule align RCC SDMMC12CLockSelection default value on MP1 is applicable
2024-04-18 14:05:22,259 [INFO] Rule:220 - rule align RCC QSPICLockSelection default value on MP1 is applicable
2024-04-18 14:05:22,259 [INFO] Rule:220 - rule align RCC QSPICLockSelection default value on MP1 is applicable
2024-04-18 14:05:22,259 [INFO] Rule:220 - rule align RCC SPI6CLockSelection default value on MP1 is applicable
2024-04-18 14:05:22,259 [INFO] Rule:220 - rule align RCC LPTIM23CLockSelection default value on MP1 is applicable
2024-04-18 14:05:22,259 [INFO] Rule:220 - rule align RCC LPTIM1CLockSelection default value on MP1 is applicable
2024-04-18 14:05:22,259 [INFO] Rule:220 - rule align RCC USART1CLockSelection default value on MP1 is applicable
2024-04-18 14:05:22,259 [INFO] Rule:220 - rule align RCC USART24CLockSelection default value on MP1 is applicable
2024-04-18 14:05:22,260 [INFO] Rule:220 - rule align RCC USART6CLockSelection default value on MP1 is applicable
2024-04-18 14:05:22,260 [INFO] Rule:220 - rule align RCC UART78CLockSelection default value on MP1 is applicable
2024-04-18 14:05:22,260 [INFO] Rule:220 - rule align RCC USART35CLockSelection default value on MP1 is applicable
2024-04-18 14:05:22,260 [INFO] Rule:220 - rule align RCC SPI45CLockSelection default value on MP1 is applicable
2024-04-18 14:05:22,260 [INFO] Rule:220 - rule align RCC I2C46CLockSelection BCLK value on MP1 is applicable
2024-04-18 14:05:22,260 [INFO] Rule:220 - rule align RCC SPI45CLockSelection default value on MP1 is applicable
2024-04-18 14:05:22,260 [INFO] Rule:220 - rule align RCC I2C12CLockSelection default value on MP1 is applicable
2024-04-18 14:05:22,260 [INFO] Rule:220 - rule align RCC I2C35CLockSelection default value on MP1 is applicable
2024-04-18 14:05:22,260 [INFO] Rule:220 - rule align RCC LPTIM45CLockSelection default value on MP1 is applicable
2024-04-18 14:05:22,260 [INFO] Rule:220 - rule Rename DCMI PIXCK signal is applicable
2024-04-18 14:05:22,260 [INFO] Rule:220 - rule Change Default Value for I2C46CLockSelection MP1 family is applicable
2024-04-18 14:05:22,261 [INFO] Rule:220 - rule Change Default Value for UART for G4, G0 and WB families is applicable
2024-04-18 14:05:22,261 [INFO] Rule:220 - rule Change Default Value for USART for G4, G0 and WB families is applicable
2024-04-18 14:05:22,261 [INFO] Rule:220 - rule Change Default Value for USART for G4 family is applicable
2024-04-18 14:05:22,261 [INFO] Rule:220 - rule Change USART1CLockSelection refparam name for MP1 is applicable
2024-04-18 14:05:22,261 [INFO] Rule:220 - rule Change USART2CLockSelection refparam name for MP1 is applicable
2024-04-18 14:05:22,261 [INFO] Rule:220 - rule Change USART3CLockSelection refparam name for MP1 is applicable
2024-04-18 14:05:22,261 [INFO] Rule:220 - rule Change UART4CLockSelection refparam name for MP1 is applicable
2024-04-18 14:05:22,261 [INFO] Rule:220 - rule Change UART5CLockSelection refparam name for MP1 is applicable
2024-04-18 14:05:22,261 [INFO] Rule:220 - rule Change LPUART1CLockSelection refparam name for MP1 is applicable
2024-04-18 14:05:22,261 [INFO] Rule:220 - rule Change LPTIM1CLockSelection refparam name for MP1 is applicable
2024-04-18 14:05:22,261 [INFO] Rule:220 - rule Change LPTIM2CLockSelection refparam name for MP1 is applicable
2024-04-18 14:05:22,261 [INFO] Rule:220 - rule Change RCC_MCO1Source refparam name for MP1 is applicable
2024-04-18 14:05:22,261 [INFO] Rule:220 - rule Change LSCOSource1 refparam name for MP1 is applicable
2024-04-18 14:05:22,262 [INFO] Rule:220 - rule Change SMPSCLockSelection refparam name for MP1 is applicable
2024-04-18 14:05:22,262 [INFO] Rule:220 - rule Change LPTIM3CLockSelection refparam name for MP1 is applicable
2024-04-18 14:05:22,262 [INFO] Rule:220 - rule Change MPCBB* Default Template Mode to Parameters is applicable
2024-04-18 14:05:22,263 [INFO] Rule:220 - rule Change MPCWM* or MPCBB* Secure Mode to Parameters is applicable
2024-04-18 14:05:22,263 [INFO] Rule:220 - rule Change MPCWM* or MPCBB* No Secure Mode to Parameters is applicable
2024-04-18 14:05:22,263 [INFO] Rule:220 - rule Change TZSC IP Secure Mode to Parameters is applicable
2024-04-18 14:05:22,263 [INFO] Rule:220 - rule Change TZSC IP No Secure Mode to Parameters is applicable
2024-04-18 14:05:22,263 [INFO] Rule:220 - rule Change TZSC IP Privilege Mode to Parameters is applicable
2024-04-18 14:05:22,263 [INFO] Rule:220 - rule Change TZSC IP No Privilege Mode to Parameters is applicable
2024-04-18 14:05:22,263 [INFO] Rule:220 - rule Change TZIC IT Secure Mode to Parameters is applicable
2024-04-18 14:05:22,263 [INFO] Rule:220 - rule Change TZIC IT No Secure Mode to Parameters is applicable
2024-04-18 14:05:22,263 [INFO] Rule:220 - rule Add MPCBB1_NonSecureArea_Start_Address value with referenced to MPCBB1_NonSecureArea_Start value is applicable
2024-04-18 14:05:22,263 [INFO] Rule:220 - rule Add MPCBB2_NonSecureArea_Start_Address value with referenced to MPCBB2_NonSecureArea_Start value is applicable
2024-04-18 14:05:22,263 [INFO] Rule:220 - rule Add MPCWM1_NonSecureArea*_Start_Address value with referenced to MPCWM1_NonSecureArea*_Start value is applicable
2024-04-18 14:05:22,263 [INFO] Rule:220 - rule Add MPCWM2_NonSecureArea*_Start_Address value with referenced to MPCWM2_NonSecureArea*_Start value is applicable
2024-04-18 14:05:22,263 [INFO] Rule:220 - rule Add MPCWM3_NonSecureArea_Start_Address value with referenced to MPCWM3_NonSecureArea_Start value is applicable
2024-04-18 14:05:22,263 [INFO] Rule:220 - rule Change Default Value for PLL1UserDefinedConfig is applicable
2024-04-18 14:05:22,263 [INFO] Rule:220 - rule Change GPIO_PuPd Default Value for USART in async mode is applicable
2024-04-18 14:05:22,263 [INFO] Rule:220 - rule Change SMPSDivider Default Value is applicable
2024-04-18 14:05:22,263 [INFO] Rule:220 - rule OPAMP is applicable
2024-04-18 14:05:22,264 [INFO] Rule:220 - rule LPUART IPParameter rename Prescaler parameter to ClockPrescaler for STM32H7 is applicable
2024-04-18 14:05:22,264 [INFO] Rule:220 - rule LPUART IPParameter rename Prescaler parameter to ClockPrescaler for STM32H7 is applicable
2024-04-18 14:05:22,264 [INFO] Rule:220 - rule LPUART IPParameter rename Prescaler parameter to ClockPrescaler for STM32WB is applicable
2024-04-18 14:05:22,264 [INFO] Rule:220 - rule LPUART IPParameter rename Prescaler parameter to ClockPrescaler for STM32WB is applicable
2024-04-18 14:05:22,264 [INFO] Rule:220 - rule LPUART IPParameter rename Prescaler parameter to ClockPrescaler for STM32G4 is applicable
2024-04-18 14:05:22,264 [INFO] Rule:220 - rule LPUART IPParameter rename Prescaler parameter to ClockPrescaler for STM32G4 is applicable
2024-04-18 14:05:22,264 [INFO] Rule:220 - rule LPUART IPParameter rename Prescaler parameter to ClockPrescaler for STM32L5 is applicable
2024-04-18 14:05:22,264 [INFO] Rule:220 - rule LPUART IPParameter rename Prescaler parameter to ClockPrescaler for STM32G4 is applicable
2024-04-18 14:05:22,264 [INFO] Rule:220 - rule LPUART IPParameter rename Prescaler parameter to ClockPrescaler for STM32G4 is applicable
2024-04-18 14:05:22,264 [INFO] Rule:220 - rule USB device lib V2.5.3 for L0 rename USBD_SUPPORT_USER_STRING parameter to USBD_SUPPORT_USER_STRING_DESC4 is applicable
2024-04-18 14:05:22,265 [INFO] Rule:220 - rule I2SCLockSelection clock entry align is applicable
2024-04-18 14:05:22,265 [INFO] Rule:220 - rule Assign TIMx context if used as SYS timebase is applicable
2024-04-18 14:05:22,265 [INFO] Rule:220 - rule Change GPIO_Pu Default Value for I2C is applicable
2024-04-18 14:05:22,265 [INFO] Rule:220 - rule Change GPIO_Pu Default Value for SMBus is applicable
2024-04-18 14:05:22,281 [INFO] DbConfProperties:300 - Apply Compatibility (25/175 Rules)
2024-04-18 14:05:22,317 [INFO] ImportTextPane:167 - (OptionalMessage_ERROR) Unable to find key (Mcu.ThirdPartyNb) in loaded IOC file
2024-04-18 14:05:22,405 [WARN] ApiManager:304 - Cannot register API 'Board Extension:GNSS1A1' from pack STMicroelectronics.X-CUBE-GNSS1.6.0.0: no header file found
2024-04-18 14:05:22,406 [WARN] ApiManager:304 - Cannot register API 'Board Support:Custom' from pack STMicroelectronics.X-CUBE-GNSS1.6.0.0: no header file found
2024-04-18 14:05:22,406 [WARN] ApiManager:304 - Cannot register API 'Data Exchange:lib_gnss' from pack STMicroelectronics.X-CUBE-GNSS1.6.0.0: no header file found
2024-04-18 14:05:22,420 [WARN] ApiManager:304 - Cannot register API 'Board Extension:NFC06A1' from pack STMicroelectronics.X-CUBE-NFC6.3.1.0: no header file found
2024-04-18 14:05:22,420 [WARN] ApiManager:304 - Cannot register API 'Board Extension:NFC08A1' from pack STMicroelectronics.X-CUBE-NFC6.3.1.0: no header file found
2024-04-18 14:05:22,422 [INFO] RtosManager:484 - Registered RTOS mode: class=CMSIS, group=RTOS, mode=CMSIS_V1, owner=FREERTOS
2024-04-18 14:05:22,423 [INFO] RtosManager:484 - Registered RTOS mode: class=CMSIS, group=RTOS2, mode=CMSIS_V2, owner=FREERTOS
2024-04-18 14:05:22,423 [INFO] RtosManager:484 - Registered RTOS mode: class=RTOS, group=Core, mode=CMSIS_V1, owner=FREERTOS
2024-04-18 14:05:22,423 [INFO] RtosManager:484 - Registered RTOS mode: class=RTOS, group=Core, mode=CMSIS_V2, owner=FREERTOS
2024-04-18 14:05:22,423 [WARN] ModelIntegratedComponent:181 - Missing modes for component STMicroelectronics:FreeRTOS:0.0.1:STMicroelectronics:RTOS:FreeRTOS:Core:::10.2.0:
2024-04-18 14:05:22,425 [WARN] ApiManager:304 - Cannot register API 'Board Extension:STSAFEA1' from pack STMicroelectronics.X-CUBE-SAFEA1.1.2.2: no header file found
2024-04-18 14:05:22,425 [WARN] ApiManager:304 - Cannot register API 'Board Part:STSAFEA110' from pack STMicroelectronics.X-CUBE-SAFEA1.1.2.2: no header file found
2024-04-18 14:05:22,425 [WARN] ApiManager:304 - Cannot register API 'Security:ST_Cryptolib' from pack STMicroelectronics.X-CUBE-SAFEA1.1.2.2: no header file found
2024-04-18 14:05:22,425 [WARN] ApiManager:304 - Cannot register API 'Security:MbedTLS' from pack STMicroelectronics.X-CUBE-SAFEA1.1.2.2: no header file found
2024-04-18 14:05:22,426 [WARN] ApiManager:304 - Cannot register API 'Board Extension:NFC04A1' from pack STMicroelectronics.X-CUBE-NFC4.3.0.0: no header file found
2024-04-18 14:05:22,429 [WARN] ApiManager:304 - Cannot register API 'Board Extension:S2868A1' from pack STMicroelectronics.X-CUBE-SUBG2.5.0.0: no header file found
2024-04-18 14:05:22,429 [WARN] ApiManager:304 - Cannot register API 'Board Extension:S2868A2' from pack STMicroelectronics.X-CUBE-SUBG2.5.0.0: no header file found
2024-04-18 14:05:22,429 [WARN] ApiManager:304 - Cannot register API 'Board Extension:S2915A1' from pack STMicroelectronics.X-CUBE-SUBG2.5.0.0: no header file found
2024-04-18 14:05:22,431 [WARN] ApiManager:304 - Cannot register API 'Wireless:BlueNRG-MS' from pack STMicroelectronics.X-CUBE-BLE1.7.0.0: no header file found
2024-04-18 14:05:22,432 [WARN] ApiManager:304 - Cannot register API 'Board Extension:EEPRMA2' from pack STMicroelectronics.X-CUBE-EEPRMA1.5.1.0: no header file found
2024-04-18 14:05:22,432 [WARN] ApiManager:304 - Cannot register API 'Board Extension:PGEEZ1' from pack STMicroelectronics.X-CUBE-EEPRMA1.5.1.0: no header file found
2024-04-18 14:05:22,432 [WARN] ApiManager:304 - Cannot register API 'Board Extension:EEICA1' from pack STMicroelectronics.X-CUBE-EEPRMA1.5.1.0: no header file found
2024-04-18 14:05:22,432 [WARN] ApiManager:304 - Cannot register API 'Board Part:M24' from pack STMicroelectronics.X-CUBE-EEPRMA1.5.1.0: no header file found
2024-04-18 14:05:22,433 [WARN] ApiManager:304 - Cannot register API 'Board Part:M95' from pack STMicroelectronics.X-CUBE-EEPRMA1.5.1.0: no header file found
2024-04-18 14:05:22,433 [WARN] ApiManager:304 - Cannot register API 'Board Part:M95P32' from pack STMicroelectronics.X-CUBE-EEPRMA1.5.1.0: no header file found
2024-04-18 14:05:22,433 [WARN] ApiManager:304 - Cannot register API 'Board Part:M24256E-F' from pack STMicroelectronics.X-CUBE-EEPRMA1.5.1.0: no header file found
2024-04-18 14:05:22,433 [WARN] ApiManager:304 - Cannot register API 'Board Part:M24M01E-F' from pack STMicroelectronics.X-CUBE-EEPRMA1.5.1.0: no header file found
2024-04-18 14:05:22,433 [WARN] ApiManager:304 - Cannot register API 'PGEEZ1:SPI' from pack STMicroelectronics.X-CUBE-EEPRMA1.5.1.0: no header file found
2024-04-18 14:05:22,433 [WARN] ApiManager:304 - Cannot register API 'PGEEZ1:QDSPI' from pack STMicroelectronics.X-CUBE-EEPRMA1.5.1.0: no header file found
2024-04-18 14:05:22,435 [WARN] ModelIntegratedComponent:60 - No mode defined for component null
2024-04-18 14:05:22,435 [WARN] ModelIntegratedComponent:60 - No mode defined for component null
2024-04-18 14:05:22,435 [WARN] ModelIntegratedComponent:60 - No mode defined for component null
2024-04-18 14:05:22,435 [WARN] ModelIntegratedComponent:60 - No mode defined for component null
2024-04-18 14:05:22,435 [WARN] ModelIntegratedComponent:60 - No mode defined for component null
2024-04-18 14:05:22,435 [WARN] ModelIntegratedComponent:60 - No mode defined for component null
2024-04-18 14:05:22,435 [WARN] ModelIntegratedComponent:60 - No mode defined for component null
2024-04-18 14:05:22,435 [WARN] ModelIntegratedComponent:60 - No mode defined for component null
2024-04-18 14:05:22,435 [WARN] ModelIntegratedComponent:60 - No mode defined for component null
2024-04-18 14:05:22,435 [WARN] ModelIntegratedComponent:60 - No mode defined for component null
2024-04-18 14:05:22,435 [WARN] ModelIntegratedComponent:60 - No mode defined for component null
2024-04-18 14:05:22,435 [WARN] ModelIntegratedComponent:60 - No mode defined for component null
2024-04-18 14:05:22,436 [WARN] ModelIntegratedComponent:60 - No mode defined for component null
2024-04-18 14:05:22,436 [WARN] ModelIntegratedComponent:60 - No mode defined for component null
2024-04-18 14:05:22,436 [WARN] ModelIntegratedComponent:60 - No mode defined for component null
2024-04-18 14:05:22,436 [WARN] ModelIntegratedComponent:60 - No mode defined for component null
2024-04-18 14:05:22,436 [WARN] ModelIntegratedComponent:60 - No mode defined for component null
2024-04-18 14:05:22,436 [WARN] ModelIntegratedComponent:60 - No mode defined for component null
2024-04-18 14:05:22,436 [WARN] ModelIntegratedComponent:60 - No mode defined for component null
2024-04-18 14:05:22,436 [WARN] ModelIntegratedComponent:60 - No mode defined for component null
2024-04-18 14:05:22,436 [WARN] ModelIntegratedComponent:60 - No mode defined for component null
2024-04-18 14:05:22,436 [WARN] ModelIntegratedComponent:60 - No mode defined for component null
2024-04-18 14:05:22,436 [WARN] ModelIntegratedComponent:60 - No mode defined for component null
2024-04-18 14:05:22,436 [WARN] ModelIntegratedComponent:60 - No mode defined for component null
2024-04-18 14:05:22,436 [WARN] ModelIntegratedComponent:60 - No mode defined for component null
2024-04-18 14:05:22,436 [WARN] ModelIntegratedComponent:60 - No mode defined for component null
2024-04-18 14:05:22,436 [WARN] ModelIntegratedComponent:60 - No mode defined for component null
2024-04-18 14:05:22,436 [WARN] ModelIntegratedComponent:60 - No mode defined for component null
2024-04-18 14:05:22,437 [WARN] ModelIntegratedComponent:60 - No mode defined for component null
2024-04-18 14:05:22,437 [WARN] ModelIntegratedComponent:60 - No mode defined for component null
2024-04-18 14:05:22,437 [WARN] ModelIntegratedComponent:60 - No mode defined for component null
2024-04-18 14:05:22,603 [WARN] ApiManager:304 - Cannot register API 'Board Extension:IKS01A3' from pack STMicroelectronics.X-CUBE-MEMS1.10.0.0: no header file found
2024-04-18 14:05:22,604 [WARN] ApiManager:304 - Cannot register API 'Board Extension:IKS02A1' from pack STMicroelectronics.X-CUBE-MEMS1.10.0.0: no header file found
2024-04-18 14:05:22,604 [WARN] ApiManager:304 - Cannot register API 'Board Extension:IKS4A1' from pack STMicroelectronics.X-CUBE-MEMS1.10.0.0: no header file found
2024-04-18 14:05:22,610 [WARN] ApiManager:304 - Cannot register API 'Board Extension:NFC07A1' from pack STMicroelectronics.X-CUBE-NFC7.1.0.1: no header file found
2024-04-18 14:05:22,611 [WARN] ApiManager:304 - Cannot register API 'Board Extension:NFC06A1' from pack STMicroelectronics.X-CUBE-NFC6.3.0.0: no header file found
2024-04-18 14:05:22,611 [WARN] ApiManager:304 - Cannot register API 'Board Extension:NFC08A1' from pack STMicroelectronics.X-CUBE-NFC6.3.0.0: no header file found
2024-04-18 14:05:22,619 [WARN] ApiManager:304 - Cannot register API 'Board Extension:S2868A1' from pack STMicroelectronics.X-CUBE-SFXS2LP1.4.0.0: no header file found
2024-04-18 14:05:22,619 [WARN] ApiManager:304 - Cannot register API 'Board Extension:S2868A2' from pack STMicroelectronics.X-CUBE-SFXS2LP1.4.0.0: no header file found
2024-04-18 14:05:22,619 [WARN] ApiManager:304 - Cannot register API 'Board Extension:S2915A1' from pack STMicroelectronics.X-CUBE-SFXS2LP1.4.0.0: no header file found
2024-04-18 14:05:22,620 [WARN] ApiManager:304 - Cannot register API 'Wireless:BlueNRG-2' from pack STMicroelectronics.X-CUBE-BLE2.3.3.0: no header file found
2024-04-18 14:05:24,073 [INFO] ImportTextPane:167 - (OptionalMessage_ERROR) IP (USB) : Invalid parameter (speed)
2024-04-18 14:05:24,345 [INFO] UtilMem:74 - End LoadConfig() Used Memory: 310984584 Bytes (501219328)
2024-04-18 14:05:24,352 [WARN] ThirdParty:779 - waiting for thirdparty lock release [change project]
2024-04-18 14:05:24,352 [INFO] ThirdParty:781 - entering critical section [change project]
2024-04-18 14:05:24,352 [INFO] ThirdParty:967 - CMSIS Pack Vendor :STMicroelectronics X-CUBE-GNSS1 6.0.0
2024-04-18 14:05:24,352 [INFO] ThirdParty:967 - CMSIS Pack Vendor :STMicroelectronics USB_HOST 2.0.0
2024-04-18 14:05:24,352 [INFO] ThirdParty:967 - CMSIS Pack Vendor :STMicroelectronics X-CUBE-AZRTOS-F4 1.1.0
2024-04-18 14:05:24,352 [INFO] ThirdParty:967 - CMSIS Pack Vendor :STMicroelectronics USB_DEVICE 3.0.0
2024-04-18 14:05:24,352 [INFO] ThirdParty:967 - CMSIS Pack Vendor :STMicroelectronics X-CUBE-AZRTOS-WB 2.0.0
2024-04-18 14:05:24,352 [INFO] ThirdParty:967 - CMSIS Pack Vendor :wolfSSL I-CUBE-wolfSSL 5.6.6
2024-04-18 14:05:24,352 [INFO] ThirdParty:967 - CMSIS Pack Vendor :STMicroelectronics X-CUBE-TOUCHGFX 4.23.0
2024-04-18 14:05:24,352 [INFO] ThirdParty:967 - CMSIS Pack Vendor :STMicroelectronics X-CUBE-TOUCHGFX 4.23.2
2024-04-18 14:05:24,352 [INFO] ThirdParty:967 - CMSIS Pack Vendor :STMicroelectronics X-CUBE-AZRTOS-F7 1.1.0
2024-04-18 14:05:24,353 [INFO] ThirdParty:967 - CMSIS Pack Vendor :STMicroelectronics X-CUBE-AZRTOS-L5 2.0.0
2024-04-18 14:05:24,353 [INFO] ThirdParty:967 - CMSIS Pack Vendor :STMicroelectronics USB_DEVICE 2.0.0
2024-04-18 14:05:24,353 [INFO] ThirdParty:967 - CMSIS Pack Vendor :STMicroelectronics X-CUBE-NFC6 3.1.0
2024-04-18 14:05:24,353 [INFO] ThirdParty:967 - CMSIS Pack Vendor :STMicroelectronics X-CUBE-ALGOBUILD 1.3.0
2024-04-18 14:05:24,353 [INFO] ThirdParty:967 - CMSIS Pack Vendor :STMicroelectronics FreeRTOS 0.0.1
2024-04-18 14:05:24,353 [INFO] ThirdParty:967 - CMSIS Pack Vendor :STMicroelectronics X-CUBE-AZRTOS-G0 1.1.0
2024-04-18 14:05:24,353 [INFO] ThirdParty:967 - CMSIS Pack Vendor :STMicroelectronics X-CUBE-SAFEA1 1.2.2
2024-04-18 14:05:24,353 [INFO] ThirdParty:967 - CMSIS Pack Vendor :STMicroelectronics X-CUBE-NFC4 3.0.0
2024-04-18 14:05:24,353 [INFO] ThirdParty:967 - CMSIS Pack Vendor :STMicroelectronics X-CUBE-SUBG2 5.0.0
2024-04-18 14:05:24,353 [INFO] ThirdParty:967 - CMSIS Pack Vendor :STMicroelectronics lwIP 2.0.3
2024-04-18 14:05:24,353 [INFO] ThirdParty:967 - CMSIS Pack Vendor :STMicroelectronics USB_HOST 1.0.0
2024-04-18 14:05:24,353 [INFO] ThirdParty:967 - CMSIS Pack Vendor :STMicroelectronics X-CUBE-AI 9.0.0
2024-04-18 14:05:24,353 [INFO] ThirdParty:967 - CMSIS Pack Vendor :STMicroelectronics X-CUBE-AZRTOS-G4 2.0.0
2024-04-18 14:05:24,353 [INFO] ThirdParty:967 - CMSIS Pack Vendor :STMicroelectronics PDM2PCM 3.1.0
2024-04-18 14:05:24,353 [INFO] ThirdParty:967 - CMSIS Pack Vendor :STMicroelectronics PDM2PCM 3.3.0
2024-04-18 14:05:24,353 [INFO] ThirdParty:967 - CMSIS Pack Vendor :STMicroelectronics X-CUBE-BLE1 7.0.0
2024-04-18 14:05:24,353 [INFO] ThirdParty:967 - CMSIS Pack Vendor :STMicroelectronics FP-ATR-SIGFOX1 3.2.0
2024-04-18 14:05:24,353 [INFO] ThirdParty:967 - CMSIS Pack Vendor :STMicroelectronics X-CUBE-ISPU 2.0.0
2024-04-18 14:05:24,353 [INFO] ThirdParty:967 - CMSIS Pack Vendor :STMicroelectronics X-CUBE-EEPRMA1 5.1.0
2024-04-18 14:05:24,353 [INFO] ThirdParty:967 - CMSIS Pack Vendor :STMicroelectronics HAL Drivers 0.0.0
2024-04-18 14:05:24,354 [INFO] ThirdParty:967 - CMSIS Pack Vendor :STMicroelectronics MBEDTLS 2.16.2
2024-04-18 14:05:24,354 [INFO] ThirdParty:967 - CMSIS Pack Vendor :STMicroelectronics X-CUBE-MEMS1 10.0.0
2024-04-18 14:05:24,354 [INFO] ThirdParty:967 - CMSIS Pack Vendor :STMicroelectronics X-CUBE-NFC7 1.0.1
2024-04-18 14:05:24,354 [INFO] ThirdParty:967 - CMSIS Pack Vendor :STMicroelectronics MBEDTLS 2.14.1
2024-04-18 14:05:24,354 [INFO] ThirdParty:967 - CMSIS Pack Vendor :STMicroelectronics X-CUBE-NFC6 3.0.0
2024-04-18 14:05:24,354 [INFO] ThirdParty:967 - CMSIS Pack Vendor :portGmbH I-Cube-SoM-uGOAL 1.1.0
2024-04-18 14:05:24,354 [INFO] ThirdParty:967 - CMSIS Pack Vendor :STMicroelectronics X-CUBE-ALS 1.0.1
2024-04-18 14:05:24,354 [INFO] ThirdParty:967 - CMSIS Pack Vendor :STMicroelectronics X-CUBE-AZRTOS-WL 2.0.0
2024-04-18 14:05:24,354 [INFO] ThirdParty:967 - CMSIS Pack Vendor :SEGGER I-CUBE-embOS 1.3.1
2024-04-18 14:05:24,354 [INFO] ThirdParty:967 - CMSIS Pack Vendor :STMicroelectronics USB_DEVICE 1.0.0
2024-04-18 14:05:24,354 [INFO] ThirdParty:967 - CMSIS Pack Vendor :STMicroelectronics X-CUBE-AI 8.1.0
2024-04-18 14:05:24,354 [INFO] ThirdParty:967 - CMSIS Pack Vendor :STMicroelectronics X-CUBE-AZRTOS-H7RS 1.0.0
2024-04-18 14:05:24,354 [INFO] ThirdParty:967 - CMSIS Pack Vendor :STMicroelectronics X-CUBE-AZRTOS-L4 2.0.0
2024-04-18 14:05:24,354 [INFO] ThirdParty:967 - CMSIS Pack Vendor :STMicroelectronics ThreadX 0.0.2
2024-04-18 14:05:24,354 [INFO] ThirdParty:967 - CMSIS Pack Vendor :WES I-CUBE-Cesium 1.3.0
2024-04-18 14:05:24,354 [INFO] ThirdParty:967 - CMSIS Pack Vendor :STMicroelectronics FP-ATR-ASTRA1 2.0.0
2024-04-18 14:05:24,354 [INFO] ThirdParty:967 - CMSIS Pack Vendor :STMicroelectronics lwIP 2.1.2
2024-04-18 14:05:24,354 [INFO] ThirdParty:967 - CMSIS Pack Vendor :STMicroelectronics X-CUBE-SFXS2LP1 4.0.0
2024-04-18 14:05:24,354 [INFO] ThirdParty:967 - CMSIS Pack Vendor :STMicroelectronics X-CUBE-BLE2 3.3.0
2024-04-18 14:05:24,354 [INFO] ThirdParty:967 - CMSIS Pack Vendor :STMicroelectronics X-CUBE-AZRTOS-H7 3.2.0
2024-04-18 14:05:24,354 [INFO] ThirdParty:967 - CMSIS Pack Vendor :STMicroelectronics PDM2PCM 3.2.0
2024-04-18 14:05:24,355 [INFO] ThirdParty:787 - exiting critical section [change project]
2024-04-18 14:05:24,627 [INFO] PinOutPanel:1463 - setPackage(No Configuration,No Configuration)
2024-04-18 14:05:24,629 [INFO] PinOutPanel:1463 - setPackage(STM32F072RBTx,LQFP64)
2024-04-18 14:05:25,301 [INFO] UtilMem:74 - Before build in PCC Used Memory: 291968448 Bytes (501219328)
2024-04-18 14:05:25,909 [INFO] UtilMem:74 - After build in PCC Used Memory: 374279616 Bytes (501219328)
2024-04-18 14:05:25,935 [INFO] IPUIPlugin:74 - create IPUIPlugin
2024-04-18 14:05:25,935 [INFO] IPUIPlugin:74 - create IPUIPlugin
2024-04-18 14:05:25,935 [INFO] IPUIPlugin:74 - create IPUIPlugin
2024-04-18 14:05:25,935 [INFO] IPUIPlugin:74 - create IPUIPlugin
2024-04-18 14:05:25,935 [INFO] IPUIPlugin:74 - create IPUIPlugin
2024-04-18 14:05:25,936 [INFO] IPUIPlugin:74 - create IPUIPlugin
2024-04-18 14:05:25,936 [INFO] IPUIPlugin:74 - create IPUIPlugin
2024-04-18 14:05:25,936 [INFO] IPUIPlugin:74 - create IPUIPlugin
2024-04-18 14:05:25,936 [INFO] IPUIPlugin:74 - create IPUIPlugin
2024-04-18 14:05:25,936 [INFO] IPUIPlugin:74 - create IPUIPlugin
2024-04-18 14:05:25,936 [INFO] IPUIPlugin:74 - create IPUIPlugin
2024-04-18 14:05:25,936 [INFO] IPUIPlugin:74 - create IPUIPlugin
2024-04-18 14:05:25,936 [INFO] IPUIPlugin:74 - create IPUIPlugin
2024-04-18 14:05:25,937 [INFO] IPUIPlugin:74 - create IPUIPlugin
2024-04-18 14:05:25,937 [INFO] IPUIPlugin:74 - create IPUIPlugin
2024-04-18 14:05:25,937 [INFO] IPUIPlugin:74 - create IPUIPlugin
2024-04-18 14:05:25,937 [INFO] IPUIPlugin:74 - create IPUIPlugin
2024-04-18 14:05:25,937 [INFO] IPUIPlugin:74 - create IPUIPlugin
2024-04-18 14:05:25,938 [INFO] IPUIPlugin:74 - create IPUIPlugin
2024-04-18 14:05:25,938 [INFO] IPUIPlugin:74 - create IPUIPlugin
2024-04-18 14:05:25,938 [INFO] IPUIPlugin:74 - create IPUIPlugin
2024-04-18 14:05:25,938 [INFO] IPUIPlugin:74 - create IPUIPlugin
2024-04-18 14:05:25,939 [INFO] IPUIPlugin:74 - create IPUIPlugin
2024-04-18 14:05:25,939 [INFO] IPUIPlugin:74 - create IPUIPlugin
2024-04-18 14:05:25,939 [INFO] IPUIPlugin:74 - create IPUIPlugin
2024-04-18 14:05:25,939 [INFO] IPUIPlugin:74 - create IPUIPlugin
2024-04-18 14:05:25,940 [INFO] IPUIPlugin:74 - create IPUIPlugin
2024-04-18 14:05:25,940 [INFO] IPUIPlugin:74 - create IPUIPlugin
2024-04-18 14:05:25,940 [INFO] IPUIPlugin:74 - create IPUIPlugin
2024-04-18 14:05:25,941 [INFO] IPUIPlugin:74 - create IPUIPlugin
2024-04-18 14:05:25,941 [INFO] IPUIPlugin:74 - create IPUIPlugin
2024-04-18 14:05:25,941 [INFO] IPUIPlugin:74 - create IPUIPlugin
2024-04-18 14:05:25,942 [INFO] IPUIPlugin:74 - create IPUIPlugin
2024-04-18 14:05:25,942 [INFO] IPUIPlugin:74 - create IPUIPlugin
2024-04-18 14:05:25,942 [INFO] IPUIPlugin:74 - create IPUIPlugin
2024-04-18 14:05:25,943 [INFO] IPUIPlugin:74 - create IPUIPlugin
2024-04-18 14:05:25,943 [INFO] IPUIPlugin:74 - create IPUIPlugin
2024-04-18 14:05:25,943 [INFO] IPUIPlugin:74 - create IPUIPlugin
2024-04-18 14:05:25,944 [INFO] IPUIPlugin:74 - create IPUIPlugin
2024-04-18 14:05:25,944 [INFO] IPUIPlugin:74 - create IPUIPlugin
2024-04-18 14:05:25,945 [INFO] IPUIPlugin:74 - create IPUIPlugin
2024-04-18 14:05:26,071 [INFO] OpenFileManager:333 - Restore cursor
2024-04-18 14:05:26,437 [INFO] UtilMem:74 - End SaveConfig() Used Memory: 312557296 Bytes (501219328)
2024-04-18 14:05:26,531 [INFO] UtilMem:74 - End SaveConfig() Used Memory: 331431664 Bytes (501219328)
2024-04-18 14:05:26,868 [INFO] BlockDiagram:2740 - set Specific Code input for plugin: SPI
2024-04-18 14:05:26,868 [INFO] BlockDiagram:2740 - set Specific Code input for plugin: NVIC
2024-04-18 14:05:26,868 [INFO] BlockDiagram:2740 - set Specific Code input for plugin: TSC
2024-04-18 14:05:26,869 [INFO] BlockDiagram:2740 - set Specific Code input for plugin: USB
2024-04-18 14:05:26,869 [INFO] BlockDiagram:2740 - set Specific Code input for plugin: SYS
2024-04-18 14:05:26,869 [INFO] BlockDiagram:2740 - set Specific Code input for plugin: GPIO
2024-04-18 14:05:26,869 [INFO] BlockDiagram:2740 - set Specific Code input for plugin: RCC
2024-04-18 14:05:26,869 [INFO] BlockDiagram:2740 - set Specific Code input for plugin: I2C
2024-04-18 14:05:26,871 [INFO] CodeGenerator:663 - code generatio: config db path: C:\ST\STM32CubeIDE_1.7.0\STM32CubeIDE\plugins\com.st.stm32cube.common.mx_6.3.0.202107141111\\db\
2024-04-18 14:05:27,329 [INFO] CodeEngine:239 - oldGeneratedFile, C:\Users\GTI224\OneDrive - GRINNTECH\Desktop\program\STM32F0\Function pointer LED\Function_pointer_LED\MXTmpFiles\license.tmp_save
2024-04-18 14:05:27,673 [INFO] CodeEngine:257 - Generated code: C:\Users\GTI224\OneDrive - GRINNTECH\Desktop\program\STM32F0\Function pointer LED\Function_pointer_LED\MXTmpFiles\license.tmp
2024-04-18 14:05:27,935 [INFO] CodeEngine:239 - oldGeneratedFile, C:\Users\GTI224\OneDrive - GRINNTECH\Desktop\program\STM32F0\Function pointer LED\Function_pointer_LED\MXTmpFiles\gpio.tmp_save
2024-04-18 14:05:28,043 [INFO] CodeEngine:257 - Generated code: C:\Users\GTI224\OneDrive - GRINNTECH\Desktop\program\STM32F0\Function pointer LED\Function_pointer_LED\MXTmpFiles\gpio.tmp
2024-04-18 14:05:28,917 [INFO] CodeEngine:239 - oldGeneratedFile, C:\Users\GTI224\OneDrive - GRINNTECH\Desktop\program\STM32F0\Function pointer LED\Function_pointer_LED\Core\Src\stm32f0xx_it.c_save
2024-04-18 14:05:29,051 [INFO] CodeEngine:257 - Generated code: C:\Users\GTI224\OneDrive - GRINNTECH\Desktop\program\STM32F0\Function pointer LED\Function_pointer_LED\Core\Src\stm32f0xx_it.c
2024-04-18 14:05:29,065 [INFO] CodeEngine:239 - oldGeneratedFile, C:\Users\GTI224\OneDrive - GRINNTECH\Desktop\program\STM32F0\Function pointer LED\Function_pointer_LED\Core\Inc\stm32f0xx_it.h_save
2024-04-18 14:05:29,165 [INFO] CodeEngine:257 - Generated code: C:\Users\GTI224\OneDrive - GRINNTECH\Desktop\program\STM32F0\Function pointer LED\Function_pointer_LED\Core\Inc\stm32f0xx_it.h
2024-04-18 14:05:29,189 [INFO] CodeEngine:239 - oldGeneratedFile, C:\Users\GTI224\OneDrive - GRINNTECH\Desktop\program\STM32F0\Function pointer LED\Function_pointer_LED\Core\Src\stm32f0xx_hal_msp.c_save
2024-04-18 14:05:29,353 [INFO] CodeEngine:257 - Generated code: C:\Users\GTI224\OneDrive - GRINNTECH\Desktop\program\STM32F0\Function pointer LED\Function_pointer_LED\Core\Src\stm32f0xx_hal_msp.c
2024-04-18 14:05:29,368 [INFO] CodeEngine:239 - oldGeneratedFile, C:\Users\GTI224\OneDrive - GRINNTECH\Desktop\program\STM32F0\Function pointer LED\Function_pointer_LED\MXTmpFiles\system.tmp_save
2024-04-18 14:05:29,456 [INFO] CodeEngine:257 - Generated code: C:\Users\GTI224\OneDrive - GRINNTECH\Desktop\program\STM32F0\Function pointer LED\Function_pointer_LED\MXTmpFiles\system.tmp
2024-04-18 14:05:29,481 [INFO] CodeEngine:239 - oldGeneratedFile, C:\Users\GTI224\OneDrive - GRINNTECH\Desktop\program\STM32F0\Function pointer LED\Function_pointer_LED\Core\Inc\stm32f0xx_hal_conf.h_save
2024-04-18 14:05:29,580 [INFO] CodeEngine:257 - Generated code: C:\Users\GTI224\OneDrive - GRINNTECH\Desktop\program\STM32F0\Function pointer LED\Function_pointer_LED\Core\Inc\stm32f0xx_hal_conf.h
2024-04-18 14:05:29,638 [INFO] CodeEngine:239 - oldGeneratedFile, C:\Users\GTI224\OneDrive - GRINNTECH\Desktop\program\STM32F0\Function pointer LED\Function_pointer_LED\Core\Inc\main.h_save
2024-04-18 14:05:29,742 [INFO] CodeEngine:257 - Generated code: C:\Users\GTI224\OneDrive - GRINNTECH\Desktop\program\STM32F0\Function pointer LED\Function_pointer_LED\Core\Inc\main.h
2024-04-18 14:05:29,766 [INFO] CodeEngine:239 - oldGeneratedFile, C:\Users\GTI224\OneDrive - GRINNTECH\Desktop\program\STM32F0\Function pointer LED\Function_pointer_LED\Core\Src\main.c_save
2024-04-18 14:05:29,912 [INFO] CodeEngine:257 - Generated code: C:\Users\GTI224\OneDrive - GRINNTECH\Desktop\program\STM32F0\Function pointer LED\Function_pointer_LED\Core\Src\main.c
2024-04-18 14:05:30,783 [INFO] ProjectBuilder:2578 - Time for Copy HAL[1] : 177mS.
2024-04-18 14:05:30,793 [INFO] ProjectBuilder:3622 - Project Generator version: 3.14.1
2024-04-18 14:05:31,265 [INFO] ConfigFileManager:1271 - The Die is : DIE448
2024-04-18 14:05:31,289 [INFO] ApiDbMcu:468 - Load IP Config File for FATFS
2024-04-18 14:05:31,325 [INFO] ApiDbMcu:468 - Load IP Config File for FREERTOS
2024-04-18 14:05:31,476 [INFO] ApiDbMcu:468 - Load IP Config File for TOUCHSENSING
2024-04-18 14:05:31,503 [INFO] ApiDbMcu:468 - Load IP Config File for USB_DEVICE
2024-04-18 14:05:37,361 [INFO] ProjectBuilder:3789 - Time for Generating toolchain IDE Files: 6568mS.
2024-04-18 14:05:37,363 [INFO] ProjectBuilder:2457 - Time for Copy CMSIS : 2mS.
2024-04-18 14:05:37,365 [INFO] ProjectBuilder:2457 - Time for Copy CMSIS : 1mS.
2024-04-18 14:05:38,435 [INFO] McuFinderGlobals:52 - Set McuFinderConnectedMode to true
2024-04-18 14:05:38,437 [INFO] ApiDb:276 - Save user favorites file C:\Users\GTI224/.stm32cubeide/favorites.mcus.txt: 0 item(s)
2024-04-18 14:05:38,437 [INFO] ApiDb:280 - User favorites MCUs=[]
2024-04-18 14:05:38,438 [INFO] ApiDb:276 - Save user favorites file C:\Users\GTI224/.stm32cubeide/favorites.boards.txt: 0 item(s)
2024-04-18 14:05:38,439 [INFO] ApiDb:280 - User favorites Boards=[]
2024-04-18 14:08:29,714 [INFO] NvicIntPanel:96 - NVIC parent = com.st.microxplorer.plugins.ip.nvic.MultiNvicIntPanel[,0,0,0x0,invalid,layout=javax.swing.BoxLayout,alignmentX=0.0,alignmentY=0.0,border=,flags=9,maximumSize=,minimumSize=,preferredSize=]
2024-04-18 14:08:33,356 [INFO] NvicIntPanel:96 - NVIC parent = com.st.microxplorer.plugins.ip.nvic.MultiNvicIntPanel[,0,0,0x0,invalid,layout=javax.swing.BoxLayout,alignmentX=0.0,alignmentY=0.0,border=,flags=9,maximumSize=,minimumSize=,preferredSize=]
2024-04-18 14:08:59,034 [INFO] NvicIntPanel:96 - NVIC parent = com.st.microxplorer.plugins.ip.nvic.MultiNvicIntPanel[,0,0,520x299,layout=javax.swing.BoxLayout,alignmentX=0.0,alignmentY=0.0,border=,flags=9,maximumSize=,minimumSize=,preferredSize=]
2024-04-18 14:08:59,923 [INFO] NvicIntPanel:96 - NVIC parent = com.st.microxplorer.plugins.ip.nvic.MultiNvicIntPanel[,0,0,0x0,invalid,layout=javax.swing.BoxLayout,alignmentX=0.0,alignmentY=0.0,border=,flags=9,maximumSize=,minimumSize=,preferredSize=]
2024-04-18 14:10:32,833 [INFO] UtilMem:74 - End SaveConfig() Used Memory: 440916184 Bytes (699400192)
2024-04-18 14:10:34,381 [INFO] UtilMem:74 - End SaveConfig() Used Memory: 468179160 Bytes (699400192)
2024-04-18 14:10:37,901 [INFO] UtilMem:74 - End SaveConfig() Used Memory: 382493272 Bytes (699400192)
2024-04-18 14:10:38,295 [INFO] BlockDiagram:2740 - set Specific Code input for plugin: SPI
2024-04-18 14:10:38,295 [INFO] BlockDiagram:2740 - set Specific Code input for plugin: NVIC
2024-04-18 14:10:38,295 [INFO] BlockDiagram:2740 - set Specific Code input for plugin: TIM6_7F0
2024-04-18 14:10:38,295 [INFO] BlockDiagram:2740 - set Specific Code input for plugin: TIM6_7F0
2024-04-18 14:10:38,295 [INFO] BlockDiagram:2740 - set Specific Code input for plugin: TSC
2024-04-18 14:10:38,295 [INFO] BlockDiagram:2740 - set Specific Code input for plugin: USB
2024-04-18 14:10:38,295 [INFO] BlockDiagram:2740 - set Specific Code input for plugin: SYS
2024-04-18 14:10:38,296 [INFO] BlockDiagram:2740 - set Specific Code input for plugin: GPIO
2024-04-18 14:10:38,296 [INFO] BlockDiagram:2740 - set Specific Code input for plugin: RCC
2024-04-18 14:10:38,296 [INFO] BlockDiagram:2740 - set Specific Code input for plugin: I2C
2024-04-18 14:10:38,297 [INFO] CodeGenerator:663 - code generatio: config db path: C:\ST\STM32CubeIDE_1.7.0\STM32CubeIDE\plugins\com.st.stm32cube.common.mx_6.3.0.202107141111\\db\
2024-04-18 14:10:38,800 [INFO] CodeEngine:239 - oldGeneratedFile, C:\Users\GTI224\OneDrive - GRINNTECH\Desktop\program\STM32F0\Function pointer LED\Function_pointer_LED\MXTmpFiles\license.tmp_save
2024-04-18 14:10:38,870 [INFO] CodeEngine:257 - Generated code: C:\Users\GTI224\OneDrive - GRINNTECH\Desktop\program\STM32F0\Function pointer LED\Function_pointer_LED\MXTmpFiles\license.tmp
2024-04-18 14:10:39,061 [INFO] CodeEngine:239 - oldGeneratedFile, C:\Users\GTI224\OneDrive - GRINNTECH\Desktop\program\STM32F0\Function pointer LED\Function_pointer_LED\MXTmpFiles\gpio.tmp_save
2024-04-18 14:10:39,140 [INFO] CodeEngine:257 - Generated code: C:\Users\GTI224\OneDrive - GRINNTECH\Desktop\program\STM32F0\Function pointer LED\Function_pointer_LED\MXTmpFiles\gpio.tmp
2024-04-18 14:10:40,205 [INFO] CodeEngine:239 - oldGeneratedFile, C:\Users\GTI224\OneDrive - GRINNTECH\Desktop\program\STM32F0\Function pointer LED\Function_pointer_LED\Core\Src\stm32f0xx_it.c_save
2024-04-18 14:10:40,344 [INFO] CodeEngine:257 - Generated code: C:\Users\GTI224\OneDrive - GRINNTECH\Desktop\program\STM32F0\Function pointer LED\Function_pointer_LED\Core\Src\stm32f0xx_it.c
2024-04-18 14:10:40,363 [INFO] CodeEngine:239 - oldGeneratedFile, C:\Users\GTI224\OneDrive - GRINNTECH\Desktop\program\STM32F0\Function pointer LED\Function_pointer_LED\Core\Inc\stm32f0xx_it.h_save
2024-04-18 14:10:40,482 [INFO] CodeEngine:257 - Generated code: C:\Users\GTI224\OneDrive - GRINNTECH\Desktop\program\STM32F0\Function pointer LED\Function_pointer_LED\Core\Inc\stm32f0xx_it.h
2024-04-18 14:10:40,512 [INFO] CodeEngine:239 - oldGeneratedFile, C:\Users\GTI224\OneDrive - GRINNTECH\Desktop\program\STM32F0\Function pointer LED\Function_pointer_LED\Core\Src\stm32f0xx_hal_msp.c_save
2024-04-18 14:10:40,687 [INFO] CodeEngine:257 - Generated code: C:\Users\GTI224\OneDrive - GRINNTECH\Desktop\program\STM32F0\Function pointer LED\Function_pointer_LED\Core\Src\stm32f0xx_hal_msp.c
2024-04-18 14:10:40,694 [INFO] CodeEngine:239 - oldGeneratedFile, C:\Users\GTI224\OneDrive - GRINNTECH\Desktop\program\STM32F0\Function pointer LED\Function_pointer_LED\MXTmpFiles\system.tmp_save
2024-04-18 14:10:40,762 [INFO] CodeEngine:257 - Generated code: C:\Users\GTI224\OneDrive - GRINNTECH\Desktop\program\STM32F0\Function pointer LED\Function_pointer_LED\MXTmpFiles\system.tmp
2024-04-18 14:10:40,795 [INFO] CodeEngine:239 - oldGeneratedFile, C:\Users\GTI224\OneDrive - GRINNTECH\Desktop\program\STM32F0\Function pointer LED\Function_pointer_LED\Core\Inc\stm32f0xx_hal_conf.h_save
2024-04-18 14:10:40,917 [INFO] CodeEngine:257 - Generated code: C:\Users\GTI224\OneDrive - GRINNTECH\Desktop\program\STM32F0\Function pointer LED\Function_pointer_LED\Core\Inc\stm32f0xx_hal_conf.h
2024-04-18 14:10:40,962 [WARN] IPConfigManager:3148 - IP not found : TIM
2024-04-18 14:10:40,963 [WARN] CodeGenerator:3268 - IP not found : null
2024-04-18 14:10:40,989 [INFO] CodeEngine:239 - oldGeneratedFile, C:\Users\GTI224\OneDrive - GRINNTECH\Desktop\program\STM32F0\Function pointer LED\Function_pointer_LED\Core\Inc\main.h_save
2024-04-18 14:10:41,071 [INFO] CodeEngine:257 - Generated code: C:\Users\GTI224\OneDrive - GRINNTECH\Desktop\program\STM32F0\Function pointer LED\Function_pointer_LED\Core\Inc\main.h
2024-04-18 14:10:41,092 [INFO] CodeEngine:239 - oldGeneratedFile, C:\Users\GTI224\OneDrive - GRINNTECH\Desktop\program\STM32F0\Function pointer LED\Function_pointer_LED\Core\Src\main.c_save
2024-04-18 14:10:41,318 [INFO] CodeEngine:257 - Generated code: C:\Users\GTI224\OneDrive - GRINNTECH\Desktop\program\STM32F0\Function pointer LED\Function_pointer_LED\Core\Src\main.c
2024-04-18 14:10:42,260 [INFO] ProjectBuilder:2578 - Time for Copy HAL[1] : 187mS.
2024-04-18 14:10:42,267 [INFO] ProjectBuilder:3622 - Project Generator version: 3.14.1
2024-04-18 14:10:42,894 [INFO] ConfigFileManager:1271 - The Die is : DIE448
2024-04-18 14:10:45,220 [INFO] ProjectBuilder:3789 - Time for Generating toolchain IDE Files: 2953mS.
2024-04-18 14:10:45,221 [INFO] ProjectBuilder:2457 - Time for Copy CMSIS : 1mS.
2024-04-18 14:10:45,226 [INFO] ProjectBuilder:2457 - Time for Copy CMSIS : 0mS.
2024-04-18 14:11:47,905 [INFO] UtilMem:74 - End SaveConfig() Used Memory: 432148048 Bytes (774897664)
2024-04-18 14:11:49,842 [INFO] UtilMem:74 - End SaveConfig() Used Memory: 464653904 Bytes (774897664)
2024-04-18 14:11:52,853 [INFO] UtilMem:74 - End SaveConfig() Used Memory: 318648240 Bytes (774897664)
2024-04-18 14:11:53,169 [INFO] BlockDiagram:2740 - set Specific Code input for plugin: SPI
2024-04-18 14:11:53,169 [INFO] BlockDiagram:2740 - set Specific Code input for plugin: NVIC
2024-04-18 14:11:53,169 [INFO] BlockDiagram:2740 - set Specific Code input for plugin: TIM6_7F0
2024-04-18 14:11:53,169 [INFO] BlockDiagram:2740 - set Specific Code input for plugin: TIM6_7F0
2024-04-18 14:11:53,170 [INFO] BlockDiagram:2740 - set Specific Code input for plugin: TSC
2024-04-18 14:11:53,170 [INFO] BlockDiagram:2740 - set Specific Code input for plugin: USB
2024-04-18 14:11:53,170 [INFO] BlockDiagram:2740 - set Specific Code input for plugin: SYS
2024-04-18 14:11:53,170 [INFO] BlockDiagram:2740 - set Specific Code input for plugin: GPIO
2024-04-18 14:11:53,170 [INFO] BlockDiagram:2740 - set Specific Code input for plugin: RCC
2024-04-18 14:11:53,170 [INFO] BlockDiagram:2740 - set Specific Code input for plugin: I2C
2024-04-18 14:11:53,172 [INFO] CodeGenerator:663 - code generatio: config db path: C:\ST\STM32CubeIDE_1.7.0\STM32CubeIDE\plugins\com.st.stm32cube.common.mx_6.3.0.202107141111\\db\
2024-04-18 14:11:53,598 [INFO] CodeEngine:239 - oldGeneratedFile, C:\Users\GTI224\OneDrive - GRINNTECH\Desktop\program\STM32F0\Function pointer LED\Function_pointer_LED\MXTmpFiles\license.tmp_save
2024-04-18 14:11:53,676 [INFO] CodeEngine:257 - Generated code: C:\Users\GTI224\OneDrive - GRINNTECH\Desktop\program\STM32F0\Function pointer LED\Function_pointer_LED\MXTmpFiles\license.tmp
2024-04-18 14:11:53,792 [INFO] CodeEngine:239 - oldGeneratedFile, C:\Users\GTI224\OneDrive - GRINNTECH\Desktop\program\STM32F0\Function pointer LED\Function_pointer_LED\MXTmpFiles\gpio.tmp_save
2024-04-18 14:11:53,857 [INFO] CodeEngine:257 - Generated code: C:\Users\GTI224\OneDrive - GRINNTECH\Desktop\program\STM32F0\Function pointer LED\Function_pointer_LED\MXTmpFiles\gpio.tmp
2024-04-18 14:11:54,888 [INFO] CodeEngine:239 - oldGeneratedFile, C:\Users\GTI224\OneDrive - GRINNTECH\Desktop\program\STM32F0\Function pointer LED\Function_pointer_LED\Core\Src\stm32f0xx_it.c_save
2024-04-18 14:11:54,976 [INFO] CodeEngine:257 - Generated code: C:\Users\GTI224\OneDrive - GRINNTECH\Desktop\program\STM32F0\Function pointer LED\Function_pointer_LED\Core\Src\stm32f0xx_it.c
2024-04-18 14:11:54,995 [INFO] CodeEngine:239 - oldGeneratedFile, C:\Users\GTI224\OneDrive - GRINNTECH\Desktop\program\STM32F0\Function pointer LED\Function_pointer_LED\Core\Inc\stm32f0xx_it.h_save
2024-04-18 14:11:55,075 [INFO] CodeEngine:257 - Generated code: C:\Users\GTI224\OneDrive - GRINNTECH\Desktop\program\STM32F0\Function pointer LED\Function_pointer_LED\Core\Inc\stm32f0xx_it.h
2024-04-18 14:11:55,102 [INFO] CodeEngine:239 - oldGeneratedFile, C:\Users\GTI224\OneDrive - GRINNTECH\Desktop\program\STM32F0\Function pointer LED\Function_pointer_LED\Core\Src\stm32f0xx_hal_msp.c_save
2024-04-18 14:11:55,268 [INFO] CodeEngine:257 - Generated code: C:\Users\GTI224\OneDrive - GRINNTECH\Desktop\program\STM32F0\Function pointer LED\Function_pointer_LED\Core\Src\stm32f0xx_hal_msp.c
2024-04-18 14:11:55,273 [INFO] CodeEngine:239 - oldGeneratedFile, C:\Users\GTI224\OneDrive - GRINNTECH\Desktop\program\STM32F0\Function pointer LED\Function_pointer_LED\MXTmpFiles\system.tmp_save
2024-04-18 14:11:55,347 [INFO] CodeEngine:257 - Generated code: C:\Users\GTI224\OneDrive - GRINNTECH\Desktop\program\STM32F0\Function pointer LED\Function_pointer_LED\MXTmpFiles\system.tmp
2024-04-18 14:11:55,376 [INFO] CodeEngine:239 - oldGeneratedFile, C:\Users\GTI224\OneDrive - GRINNTECH\Desktop\program\STM32F0\Function pointer LED\Function_pointer_LED\Core\Inc\stm32f0xx_hal_conf.h_save
2024-04-18 14:11:55,529 [INFO] CodeEngine:257 - Generated code: C:\Users\GTI224\OneDrive - GRINNTECH\Desktop\program\STM32F0\Function pointer LED\Function_pointer_LED\Core\Inc\stm32f0xx_hal_conf.h
2024-04-18 14:11:55,584 [WARN] IPConfigManager:3148 - IP not found : TIM
2024-04-18 14:11:55,585 [WARN] CodeGenerator:3268 - IP not found : null
2024-04-18 14:11:55,611 [INFO] CodeEngine:239 - oldGeneratedFile, C:\Users\GTI224\OneDrive - GRINNTECH\Desktop\program\STM32F0\Function pointer LED\Function_pointer_LED\Core\Inc\main.h_save
2024-04-18 14:11:55,686 [INFO] CodeEngine:257 - Generated code: C:\Users\GTI224\OneDrive - GRINNTECH\Desktop\program\STM32F0\Function pointer LED\Function_pointer_LED\Core\Inc\main.h
2024-04-18 14:11:55,704 [INFO] CodeEngine:239 - oldGeneratedFile, C:\Users\GTI224\OneDrive - GRINNTECH\Desktop\program\STM32F0\Function pointer LED\Function_pointer_LED\Core\Src\main.c_save
2024-04-18 14:11:55,886 [INFO] CodeEngine:257 - Generated code: C:\Users\GTI224\OneDrive - GRINNTECH\Desktop\program\STM32F0\Function pointer LED\Function_pointer_LED\Core\Src\main.c
2024-04-18 14:11:56,712 [INFO] ProjectBuilder:2578 - Time for Copy HAL[1] : 183mS.
2024-04-18 14:11:56,718 [INFO] ProjectBuilder:3622 - Project Generator version: 3.14.1
2024-04-18 14:11:57,155 [INFO] ConfigFileManager:1271 - The Die is : DIE448
2024-04-18 14:11:58,692 [INFO] ProjectBuilder:3789 - Time for Generating toolchain IDE Files: 1974mS.
2024-04-18 14:11:58,694 [INFO] ProjectBuilder:2457 - Time for Copy CMSIS : 1mS.
2024-04-18 14:11:58,698 [INFO] ProjectBuilder:2457 - Time for Copy CMSIS : 0mS.
